1:C 07 Dec 2024 03:53:55.197 # oO0OoO0OoO0Oo Redis is starting oO0OoO0OoO0Oo
1:C 07 Dec 2024 03:53:55.197 # Redis version=7.0.15, bits=64, commit=00000000, modified=0, pid=1, just started
1:C 07 Dec 2024 03:53:55.197 # Configuration loaded
1:M 07 Dec 2024 03:53:55.198 * monotonic clock: POSIX clock_gettime
1:M 07 Dec 2024 03:53:55.198 * No cluster configuration found, I'm dc7831a1af8d1c54d92c6cf6d6569247dca288ce
                _._                                                  
           _.-``__ ''-._                                             
      _.-``    `.  `_.  ''-._           Redis 7.0.15 (00000000/0) 64 bit
  .-`` .-```.  ```\/    _.,_ ''-._                                  
 (    '      ,       .-`  | `,    )     Running in cluster mode
 |`-._`-...-` __...-.``-._|'` _.-'|     Port: 6379
 |    `-._   `._    /     _.-'    |     PID: 1
  `-._    `-._  `-./  _.-'    _.-'                                   
 |`-._`-._    `-.__.-'    _.-'_.-'|                                  
 |    `-._`-._        _.-'_.-'    |           https://redis.io       
  `-._    `-._`-.__.-'_.-'    _.-'                                   
 |`-._`-._    `-.__.-'    _.-'_.-'|                                  
 |    `-._`-._        _.-'_.-'    |                                  
  `-._    `-._`-.__.-'_.-'    _.-'                                   
      `-._    `-.__.-'    _.-'                                       
          `-._        _.-'                                           
              `-.__.-'                                               

1:M 07 Dec 2024 03:53:55.200 # Server initialized
1:M 07 Dec 2024 03:53:55.200 # WARNING Memory overcommit must be enabled! Without it, a background save or replication may fail under low memory condition. Being disabled, it can can also cause failures without low memory condition, see https://github.com/jemalloc/jemalloc/issues/1328. To fix this issue add 'vm.overcommit_memory = 1' to /etc/sysctl.conf and then reboot or run the command 'sysctl vm.overcommit_memory=1' for this to take effect.
1:M 07 Dec 2024 03:53:55.201 * Creating AOF base file appendonly6379.aof.1.base.rdb on server start
1:M 07 Dec 2024 03:53:55.202 * Creating AOF incr file appendonly6379.aof.1.incr.aof on server start
1:M 07 Dec 2024 03:53:55.203 * Ready to accept connections
1:M 07 Dec 2024 03:56:29.412 # configEpoch set to 1 via CLUSTER SET-CONFIG-EPOCH
1:signal-handler (1733544311) Received SIGTERM scheduling shutdown...
1:M 07 Dec 2024 04:05:11.285 # User requested shutdown...
1:M 07 Dec 2024 04:05:11.286 * Calling fsync() on the AOF file.
1:M 07 Dec 2024 04:05:11.286 * Saving the final RDB snapshot before exiting.
1:M 07 Dec 2024 04:05:11.287 # Error moving temp DB file temp-1.rdb on the final destination dump6379.rdb (in server root dir /data/cluster): No such file or directory
1:M 07 Dec 2024 04:05:11.287 # Error trying to save the DB, can't exit.
1:M 07 Dec 2024 04:05:11.287 # Errors trying to shut down the server. Check the logs for more information.
1:C 07 Dec 2024 04:09:15.556 # oO0OoO0OoO0Oo Redis is starting oO0OoO0OoO0Oo
1:C 07 Dec 2024 04:09:15.556 # Redis version=7.0.15, bits=64, commit=00000000, modified=0, pid=1, just started
1:C 07 Dec 2024 04:09:15.556 # Configuration loaded
1:M 07 Dec 2024 04:09:15.556 * monotonic clock: POSIX clock_gettime
1:M 07 Dec 2024 04:09:15.558 * Node configuration loaded, I'm dc7831a1af8d1c54d92c6cf6d6569247dca288ce
                _._                                                  
           _.-``__ ''-._                                             
      _.-``    `.  `_.  ''-._           Redis 7.0.15 (00000000/0) 64 bit
  .-`` .-```.  ```\/    _.,_ ''-._                                  
 (    '      ,       .-`  | `,    )     Running in cluster mode
 |`-._`-...-` __...-.``-._|'` _.-'|     Port: 6379
 |    `-._   `._    /     _.-'    |     PID: 1
  `-._    `-._  `-./  _.-'    _.-'                                   
 |`-._`-._    `-.__.-'    _.-'_.-'|                                  
 |    `-._`-._        _.-'_.-'    |           https://redis.io       
  `-._    `-._`-.__.-'_.-'    _.-'                                   
 |`-._`-._    `-.__.-'    _.-'_.-'|                                  
 |    `-._`-._        _.-'_.-'    |                                  
  `-._    `-._`-.__.-'_.-'    _.-'                                   
      `-._    `-.__.-'    _.-'                                       
          `-._        _.-'                                           
              `-.__.-'                                               

1:M 07 Dec 2024 04:09:15.559 # Server initialized
1:M 07 Dec 2024 04:09:15.560 # WARNING Memory overcommit must be enabled! Without it, a background save or replication may fail under low memory condition. Being disabled, it can can also cause failures without low memory condition, see https://github.com/jemalloc/jemalloc/issues/1328. To fix this issue add 'vm.overcommit_memory = 1' to /etc/sysctl.conf and then reboot or run the command 'sysctl vm.overcommit_memory=1' for this to take effect.
1:M 07 Dec 2024 04:09:15.562 * Reading RDB base file on AOF loading...
1:M 07 Dec 2024 04:09:15.562 * Loading RDB produced by version 7.0.15
1:M 07 Dec 2024 04:09:15.562 * RDB age 920 seconds
1:M 07 Dec 2024 04:09:15.562 * RDB memory usage when created 1.51 Mb
1:M 07 Dec 2024 04:09:15.562 * RDB is base AOF
1:M 07 Dec 2024 04:09:15.562 * Done loading RDB, keys loaded: 0, keys expired: 0.
1:M 07 Dec 2024 04:09:15.562 * DB loaded from base file appendonly6379.aof.1.base.rdb: 0.000 seconds
1:M 07 Dec 2024 04:09:15.562 * DB loaded from append only file: 0.000 seconds
1:M 07 Dec 2024 04:09:15.562 * Opening AOF incr file appendonly6379.aof.1.incr.aof on server start
1:M 07 Dec 2024 04:09:15.562 * Ready to accept connections
1:C 07 Dec 2024 04:40:53.337 # oO0OoO0OoO0Oo Redis is starting oO0OoO0OoO0Oo
1:C 07 Dec 2024 04:40:53.337 # Redis version=7.0.15, bits=64, commit=00000000, modified=0, pid=1, just started
1:C 07 Dec 2024 04:40:53.337 # Configuration loaded
1:M 07 Dec 2024 04:40:53.342 * monotonic clock: POSIX clock_gettime
1:M 07 Dec 2024 04:40:53.345 * Node configuration loaded, I'm dc7831a1af8d1c54d92c6cf6d6569247dca288ce
                _._                                                  
           _.-``__ ''-._                                             
      _.-``    `.  `_.  ''-._           Redis 7.0.15 (00000000/0) 64 bit
  .-`` .-```.  ```\/    _.,_ ''-._                                  
 (    '      ,       .-`  | `,    )     Running in cluster mode
 |`-._`-...-` __...-.``-._|'` _.-'|     Port: 6379
 |    `-._   `._    /     _.-'    |     PID: 1
  `-._    `-._  `-./  _.-'    _.-'                                   
 |`-._`-._    `-.__.-'    _.-'_.-'|                                  
 |    `-._`-._        _.-'_.-'    |           https://redis.io       
  `-._    `-._`-.__.-'_.-'    _.-'                                   
 |`-._`-._    `-.__.-'    _.-'_.-'|                                  
 |    `-._`-._        _.-'_.-'    |                                  
  `-._    `-._`-.__.-'_.-'    _.-'                                   
      `-._    `-.__.-'    _.-'                                       
          `-._        _.-'                                           
              `-.__.-'                                               

1:M 07 Dec 2024 04:40:53.354 # Server initialized
1:M 07 Dec 2024 04:40:53.354 # WARNING Memory overcommit must be enabled! Without it, a background save or replication may fail under low memory condition. Being disabled, it can can also cause failures without low memory condition, see https://github.com/jemalloc/jemalloc/issues/1328. To fix this issue add 'vm.overcommit_memory = 1' to /etc/sysctl.conf and then reboot or run the command 'sysctl vm.overcommit_memory=1' for this to take effect.
1:M 07 Dec 2024 04:40:53.354 * Reading RDB base file on AOF loading...
1:M 07 Dec 2024 04:40:53.354 * Loading RDB produced by version 7.0.15
1:M 07 Dec 2024 04:40:53.354 * RDB age 2818 seconds
1:M 07 Dec 2024 04:40:53.354 * RDB memory usage when created 1.51 Mb
1:M 07 Dec 2024 04:40:53.354 * RDB is base AOF
1:M 07 Dec 2024 04:40:53.354 * Done loading RDB, keys loaded: 0, keys expired: 0.
1:M 07 Dec 2024 04:40:53.354 * DB loaded from base file appendonly6379.aof.1.base.rdb: 0.000 seconds
1:M 07 Dec 2024 04:40:53.354 * DB loaded from append only file: 0.000 seconds
1:M 07 Dec 2024 04:40:53.354 * Opening AOF incr file appendonly6379.aof.1.incr.aof on server start
1:M 07 Dec 2024 04:40:53.354 * Ready to accept connections
1:M 07 Dec 2024 04:41:16.597 # IP address for this node updated to 172.19.0.3
1:M 07 Dec 2024 04:41:16.752 # Cluster state changed: ok
1:M 07 Dec 2024 04:41:18.606 * Replica 172.19.0.1:6383 asks for synchronization
1:M 07 Dec 2024 04:41:18.606 * Partial resynchronization not accepted: Replication ID mismatch (Replica asked for 'f892fd557624b66f20b59c97d7a7738c98a50848', my replication IDs are '92173201df186199656263f49e61e370b0547745' and '0000000000000000000000000000000000000000')
1:M 07 Dec 2024 04:41:18.606 * Replication backlog created, my new replication IDs are 'a6432559b274182525cc80d3f77b0cc7c893d09e' and '0000000000000000000000000000000000000000'
1:M 07 Dec 2024 04:41:18.606 * Starting BGSAVE for SYNC with target: disk
1:M 07 Dec 2024 04:41:18.606 * Background saving started by pid 11
11:C 07 Dec 2024 04:41:18.609 # Error moving temp DB file temp-11.rdb on the final destination dump6379.rdb (in server root dir /data/cluster): No such file or directory
1:M 07 Dec 2024 04:41:18.642 # Background saving error
1:M 07 Dec 2024 04:41:18.642 # SYNC failed. BGSAVE child returned an error
1:M 07 Dec 2024 04:41:18.642 # Connection with replica 172.19.0.1:6383 lost.
1:M 07 Dec 2024 04:41:20.611 * Replica 172.19.0.1:6383 asks for synchronization
1:M 07 Dec 2024 04:41:20.611 * Partial resynchronization not accepted: Replication ID mismatch (Replica asked for 'f892fd557624b66f20b59c97d7a7738c98a50848', my replication IDs are 'a6432559b274182525cc80d3f77b0cc7c893d09e' and '0000000000000000000000000000000000000000')
1:M 07 Dec 2024 04:41:20.611 * Starting BGSAVE for SYNC with target: disk
1:M 07 Dec 2024 04:41:20.611 * Background saving started by pid 12
12:C 07 Dec 2024 04:41:20.626 * DB saved on disk
12:C 07 Dec 2024 04:41:20.626 * Fork CoW for RDB: current 0 MB, peak 0 MB, average 0 MB
1:M 07 Dec 2024 04:41:20.653 * Background saving terminated with success
1:M 07 Dec 2024 04:41:20.653 * Synchronization with replica 172.19.0.1:6383 succeeded
