1:C 07 Dec 2024 03:53:54.860 # oO0OoO0OoO0Oo Redis is starting oO0OoO0OoO0Oo
1:C 07 Dec 2024 03:53:54.860 # Redis version=7.0.15, bits=64, commit=00000000, modified=0, pid=1, just started
1:C 07 Dec 2024 03:53:54.860 # Configuration loaded
1:M 07 Dec 2024 03:53:54.860 * monotonic clock: POSIX clock_gettime
1:M 07 Dec 2024 03:53:54.861 * No cluster configuration found, I'm 987cd123528343e530903bb093e9c85ba6e0ad29
                _._                                                  
           _.-``__ ''-._                                             
      _.-``    `.  `_.  ''-._           Redis 7.0.15 (00000000/0) 64 bit
  .-`` .-```.  ```\/    _.,_ ''-._                                  
 (    '      ,       .-`  | `,    )     Running in cluster mode
 |`-._`-...-` __...-.``-._|'` _.-'|     Port: 6379
 |    `-._   `._    /     _.-'    |     PID: 1
  `-._    `-._  `-./  _.-'    _.-'                                   
 |`-._`-._    `-.__.-'    _.-'_.-'|                                  
 |    `-._`-._        _.-'_.-'    |           https://redis.io       
  `-._    `-._`-.__.-'_.-'    _.-'                                   
 |`-._`-._    `-.__.-'    _.-'_.-'|                                  
 |    `-._`-._        _.-'_.-'    |                                  
  `-._    `-._`-.__.-'_.-'    _.-'                                   
      `-._    `-.__.-'    _.-'                                       
          `-._        _.-'                                           
              `-.__.-'                                               

1:M 07 Dec 2024 03:53:54.865 # Server initialized
1:M 07 Dec 2024 03:53:54.865 # WARNING Memory overcommit must be enabled! Without it, a background save or replication may fail under low memory condition. Being disabled, it can can also cause failures without low memory condition, see https://github.com/jemalloc/jemalloc/issues/1328. To fix this issue add 'vm.overcommit_memory = 1' to /etc/sysctl.conf and then reboot or run the command 'sysctl vm.overcommit_memory=1' for this to take effect.
1:M 07 Dec 2024 03:53:54.868 * Creating AOF base file appendonly6380.aof.1.base.rdb on server start
1:M 07 Dec 2024 03:53:54.870 * Creating AOF incr file appendonly6380.aof.1.incr.aof on server start
1:M 07 Dec 2024 03:53:54.870 * Ready to accept connections
1:M 07 Dec 2024 03:56:29.412 # configEpoch set to 2 via CLUSTER SET-CONFIG-EPOCH
1:signal-handler (1733544311) Received SIGTERM scheduling shutdown...
1:M 07 Dec 2024 04:05:11.240 # User requested shutdown...
1:M 07 Dec 2024 04:05:11.240 * Calling fsync() on the AOF file.
1:M 07 Dec 2024 04:05:11.240 * Saving the final RDB snapshot before exiting.
1:M 07 Dec 2024 04:05:11.242 * DB saved on disk
1:M 07 Dec 2024 04:05:11.243 * Removing the pid file.
1:M 07 Dec 2024 04:05:11.243 # Redis is now ready to exit, bye bye...
1:C 07 Dec 2024 04:09:14.916 # oO0OoO0OoO0Oo Redis is starting oO0OoO0OoO0Oo
1:C 07 Dec 2024 04:09:14.916 # Redis version=7.0.15, bits=64, commit=00000000, modified=0, pid=1, just started
1:C 07 Dec 2024 04:09:14.916 # Configuration loaded
1:M 07 Dec 2024 04:09:14.917 * monotonic clock: POSIX clock_gettime
1:M 07 Dec 2024 04:09:14.921 * Node configuration loaded, I'm 987cd123528343e530903bb093e9c85ba6e0ad29
                _._                                                  
           _.-``__ ''-._                                             
      _.-``    `.  `_.  ''-._           Redis 7.0.15 (00000000/0) 64 bit
  .-`` .-```.  ```\/    _.,_ ''-._                                  
 (    '      ,       .-`  | `,    )     Running in cluster mode
 |`-._`-...-` __...-.``-._|'` _.-'|     Port: 6380
 |    `-._   `._    /     _.-'    |     PID: 1
  `-._    `-._  `-./  _.-'    _.-'                                   
 |`-._`-._    `-.__.-'    _.-'_.-'|                                  
 |    `-._`-._        _.-'_.-'    |           https://redis.io       
  `-._    `-._`-.__.-'_.-'    _.-'                                   
 |`-._`-._    `-.__.-'    _.-'_.-'|                                  
 |    `-._`-._        _.-'_.-'    |                                  
  `-._    `-._`-.__.-'_.-'    _.-'                                   
      `-._    `-.__.-'    _.-'                                       
          `-._        _.-'                                           
              `-.__.-'                                               

1:M 07 Dec 2024 04:09:14.921 # Server initialized
1:M 07 Dec 2024 04:09:14.921 # WARNING Memory overcommit must be enabled! Without it, a background save or replication may fail under low memory condition. Being disabled, it can can also cause failures without low memory condition, see https://github.com/jemalloc/jemalloc/issues/1328. To fix this issue add 'vm.overcommit_memory = 1' to /etc/sysctl.conf and then reboot or run the command 'sysctl vm.overcommit_memory=1' for this to take effect.
1:M 07 Dec 2024 04:09:14.922 * Reading RDB base file on AOF loading...
1:M 07 Dec 2024 04:09:14.922 * Loading RDB produced by version 7.0.15
1:M 07 Dec 2024 04:09:14.922 * RDB age 920 seconds
1:M 07 Dec 2024 04:09:14.922 * RDB memory usage when created 1.51 Mb
1:M 07 Dec 2024 04:09:14.922 * RDB is base AOF
1:M 07 Dec 2024 04:09:14.922 * Done loading RDB, keys loaded: 0, keys expired: 0.
1:M 07 Dec 2024 04:09:14.922 * DB loaded from base file appendonly6380.aof.1.base.rdb: 0.000 seconds
1:M 07 Dec 2024 04:09:14.922 * DB loaded from append only file: 0.000 seconds
1:M 07 Dec 2024 04:09:14.922 * Opening AOF incr file appendonly6380.aof.1.incr.aof on server start
1:M 07 Dec 2024 04:09:14.923 * Ready to accept connections
1:C 07 Dec 2024 04:40:53.970 # oO0OoO0OoO0Oo Redis is starting oO0OoO0OoO0Oo
1:C 07 Dec 2024 04:40:53.970 # Redis version=7.0.15, bits=64, commit=00000000, modified=0, pid=1, just started
1:C 07 Dec 2024 04:40:53.970 # Configuration loaded
1:M 07 Dec 2024 04:40:53.971 * monotonic clock: POSIX clock_gettime
1:M 07 Dec 2024 04:40:53.974 * Node configuration loaded, I'm 987cd123528343e530903bb093e9c85ba6e0ad29
                _._                                                  
           _.-``__ ''-._                                             
      _.-``    `.  `_.  ''-._           Redis 7.0.15 (00000000/0) 64 bit
  .-`` .-```.  ```\/    _.,_ ''-._                                  
 (    '      ,       .-`  | `,    )     Running in cluster mode
 |`-._`-...-` __...-.``-._|'` _.-'|     Port: 6380
 |    `-._   `._    /     _.-'    |     PID: 1
  `-._    `-._  `-./  _.-'    _.-'                                   
 |`-._`-._    `-.__.-'    _.-'_.-'|                                  
 |    `-._`-._        _.-'_.-'    |           https://redis.io       
  `-._    `-._`-.__.-'_.-'    _.-'                                   
 |`-._`-._    `-.__.-'    _.-'_.-'|                                  
 |    `-._`-._        _.-'_.-'    |                                  
  `-._    `-._`-.__.-'_.-'    _.-'                                   
      `-._    `-.__.-'    _.-'                                       
          `-._        _.-'                                           
              `-.__.-'                                               

1:M 07 Dec 2024 04:40:53.975 # Server initialized
1:M 07 Dec 2024 04:40:53.976 # WARNING Memory overcommit must be enabled! Without it, a background save or replication may fail under low memory condition. Being disabled, it can can also cause failures without low memory condition, see https://github.com/jemalloc/jemalloc/issues/1328. To fix this issue add 'vm.overcommit_memory = 1' to /etc/sysctl.conf and then reboot or run the command 'sysctl vm.overcommit_memory=1' for this to take effect.
1:M 07 Dec 2024 04:40:53.976 * Reading RDB base file on AOF loading...
1:M 07 Dec 2024 04:40:53.976 * Loading RDB produced by version 7.0.15
1:M 07 Dec 2024 04:40:53.976 * RDB age 2819 seconds
1:M 07 Dec 2024 04:40:53.977 * RDB memory usage when created 1.51 Mb
1:M 07 Dec 2024 04:40:53.977 * RDB is base AOF
1:M 07 Dec 2024 04:40:53.977 * Done loading RDB, keys loaded: 0, keys expired: 0.
1:M 07 Dec 2024 04:40:53.977 * DB loaded from base file appendonly6380.aof.1.base.rdb: 0.001 seconds
1:M 07 Dec 2024 04:40:53.977 * DB loaded from append only file: 0.001 seconds
1:M 07 Dec 2024 04:40:53.977 * Opening AOF incr file appendonly6380.aof.1.incr.aof on server start
1:M 07 Dec 2024 04:40:53.977 * Ready to accept connections
1:M 07 Dec 2024 04:41:16.733 # IP address for this node updated to 172.19.0.7
1:M 07 Dec 2024 04:41:16.733 # Address updated for node dc7831a1af8d1c54d92c6cf6d6569247dca288ce, now 172.19.0.1:6379
1:M 07 Dec 2024 04:41:16.855 # Cluster state changed: ok
1:M 07 Dec 2024 04:41:18.594 * Replica 172.19.0.1:6384 asks for synchronization
1:M 07 Dec 2024 04:41:18.594 * Partial resynchronization not accepted: Replication ID mismatch (Replica asked for 'bd5b00fbf6ea70d87ab1f1a92627b4859ab561e1', my replication IDs are '700018a0aff3b0cca7e4e3806451c266938c0df9' and '0000000000000000000000000000000000000000')
1:M 07 Dec 2024 04:41:18.594 * Replication backlog created, my new replication IDs are '9c79757ba5b84515678a470987ddab7cb6a77aed' and '0000000000000000000000000000000000000000'
1:M 07 Dec 2024 04:41:18.594 * Starting BGSAVE for SYNC with target: disk
1:M 07 Dec 2024 04:41:18.594 * Background saving started by pid 11
11:C 07 Dec 2024 04:41:18.608 * DB saved on disk
11:C 07 Dec 2024 04:41:18.608 * Fork CoW for RDB: current 0 MB, peak 0 MB, average 0 MB
1:M 07 Dec 2024 04:41:18.664 * Background saving terminated with success
1:M 07 Dec 2024 04:41:18.664 * Synchronization with replica 172.19.0.1:6384 succeeded
