1:C 06 Dec 2024 13:33:28.276 # oO0OoO0OoO0Oo Redis is starting oO0OoO0OoO0Oo
1:C 06 Dec 2024 13:33:28.276 # Redis version=7.0.15, bits=64, commit=00000000, modified=0, pid=1, just started
1:C 06 Dec 2024 13:33:28.276 # Configuration loaded
1:M 06 Dec 2024 13:33:28.277 * monotonic clock: POSIX clock_gettime
1:M 06 Dec 2024 13:33:28.277 * No cluster configuration found, I'm c9dfbbf46c6b276a082739e6755d7f896d5a7105
                _._                                                  
           _.-``__ ''-._                                             
      _.-``    `.  `_.  ''-._           Redis 7.0.15 (00000000/0) 64 bit
  .-`` .-```.  ```\/    _.,_ ''-._                                  
 (    '      ,       .-`  | `,    )     Running in cluster mode
 |`-._`-...-` __...-.``-._|'` _.-'|     Port: 6379
 |    `-._   `._    /     _.-'    |     PID: 1
  `-._    `-._  `-./  _.-'    _.-'                                   
 |`-._`-._    `-.__.-'    _.-'_.-'|                                  
 |    `-._`-._        _.-'_.-'    |           https://redis.io       
  `-._    `-._`-.__.-'_.-'    _.-'                                   
 |`-._`-._    `-.__.-'    _.-'_.-'|                                  
 |    `-._`-._        _.-'_.-'    |                                  
  `-._    `-._`-.__.-'_.-'    _.-'                                   
      `-._    `-.__.-'    _.-'                                       
          `-._        _.-'                                           
              `-.__.-'                                               

1:M 06 Dec 2024 13:33:28.283 # Server initialized
1:M 06 Dec 2024 13:33:28.283 # WARNING Memory overcommit must be enabled! Without it, a background save or replication may fail under low memory condition. Being disabled, it can can also cause failures without low memory condition, see https://github.com/jemalloc/jemalloc/issues/1328. To fix this issue add 'vm.overcommit_memory = 1' to /etc/sysctl.conf and then reboot or run the command 'sysctl vm.overcommit_memory=1' for this to take effect.
1:M 06 Dec 2024 13:33:28.284 * Creating AOF base file appendonly6384.aof.1.base.rdb on server start
1:M 06 Dec 2024 13:33:28.286 * Creating AOF incr file appendonly6384.aof.1.incr.aof on server start
1:M 06 Dec 2024 13:33:28.286 * Ready to accept connections
1:signal-handler (1733492206) Received SIGTERM scheduling shutdown...
1:M 06 Dec 2024 13:36:46.830 # User requested shutdown...
1:M 06 Dec 2024 13:36:46.830 * Calling fsync() on the AOF file.
1:M 06 Dec 2024 13:36:46.830 * Saving the final RDB snapshot before exiting.
1:M 06 Dec 2024 13:36:46.835 * DB saved on disk
1:M 06 Dec 2024 13:36:46.835 * Removing the pid file.
1:M 06 Dec 2024 13:36:46.835 # Redis is now ready to exit, bye bye...
1:C 06 Dec 2024 13:38:07.679 # oO0OoO0OoO0Oo Redis is starting oO0OoO0OoO0Oo
1:C 06 Dec 2024 13:38:07.679 # Redis version=7.0.15, bits=64, commit=00000000, modified=0, pid=1, just started
1:C 06 Dec 2024 13:38:07.679 # Configuration loaded
1:M 06 Dec 2024 13:38:07.680 * monotonic clock: POSIX clock_gettime
1:M 06 Dec 2024 13:38:07.681 * Node configuration loaded, I'm c9dfbbf46c6b276a082739e6755d7f896d5a7105
                _._                                                  
           _.-``__ ''-._                                             
      _.-``    `.  `_.  ''-._           Redis 7.0.15 (00000000/0) 64 bit
  .-`` .-```.  ```\/    _.,_ ''-._                                  
 (    '      ,       .-`  | `,    )     Running in cluster mode
 |`-._`-...-` __...-.``-._|'` _.-'|     Port: 6379
 |    `-._   `._    /     _.-'    |     PID: 1
  `-._    `-._  `-./  _.-'    _.-'                                   
 |`-._`-._    `-.__.-'    _.-'_.-'|                                  
 |    `-._`-._        _.-'_.-'    |           https://redis.io       
  `-._    `-._`-.__.-'_.-'    _.-'                                   
 |`-._`-._    `-.__.-'    _.-'_.-'|                                  
 |    `-._`-._        _.-'_.-'    |                                  
  `-._    `-._`-.__.-'_.-'    _.-'                                   
      `-._    `-.__.-'    _.-'                                       
          `-._        _.-'                                           
              `-.__.-'                                               

1:M 06 Dec 2024 13:38:07.682 # Server initialized
1:M 06 Dec 2024 13:38:07.682 # WARNING Memory overcommit must be enabled! Without it, a background save or replication may fail under low memory condition. Being disabled, it can can also cause failures without low memory condition, see https://github.com/jemalloc/jemalloc/issues/1328. To fix this issue add 'vm.overcommit_memory = 1' to /etc/sysctl.conf and then reboot or run the command 'sysctl vm.overcommit_memory=1' for this to take effect.
1:M 06 Dec 2024 13:38:07.683 * Reading RDB base file on AOF loading...
1:M 06 Dec 2024 13:38:07.683 * Loading RDB produced by version 7.0.15
1:M 06 Dec 2024 13:38:07.683 * RDB age 279 seconds
1:M 06 Dec 2024 13:38:07.683 * RDB memory usage when created 1.51 Mb
1:M 06 Dec 2024 13:38:07.683 * RDB is base AOF
1:M 06 Dec 2024 13:38:07.684 * Done loading RDB, keys loaded: 0, keys expired: 0.
1:M 06 Dec 2024 13:38:07.684 * DB loaded from base file appendonly6384.aof.1.base.rdb: 0.001 seconds
1:M 06 Dec 2024 13:38:07.684 * DB loaded from append only file: 0.001 seconds
1:M 06 Dec 2024 13:38:07.684 * Opening AOF incr file appendonly6384.aof.1.incr.aof on server start
1:M 06 Dec 2024 13:38:07.684 * Ready to accept connections
1:signal-handler (1733492321) Received SIGTERM scheduling shutdown...
1:M 06 Dec 2024 13:38:41.524 # User requested shutdown...
1:M 06 Dec 2024 13:38:41.524 * Calling fsync() on the AOF file.
1:M 06 Dec 2024 13:38:41.524 * Saving the final RDB snapshot before exiting.
1:M 06 Dec 2024 13:38:41.526 # Error moving temp DB file temp-1.rdb on the final destination dump6384.rdb (in server root dir /data/cluster): No such file or directory
1:M 06 Dec 2024 13:38:41.526 # Error trying to save the DB, can't exit.
1:M 06 Dec 2024 13:38:41.526 # Errors trying to shut down the server. Check the logs for more information.
1:C 07 Dec 2024 03:48:56.601 # oO0OoO0OoO0Oo Redis is starting oO0OoO0OoO0Oo
1:C 07 Dec 2024 03:48:56.601 # Redis version=7.0.15, bits=64, commit=00000000, modified=0, pid=1, just started
1:C 07 Dec 2024 03:48:56.601 # Configuration loaded
1:M 07 Dec 2024 03:48:56.609 * monotonic clock: POSIX clock_gettime
1:M 07 Dec 2024 03:48:56.611 * Node configuration loaded, I'm c9dfbbf46c6b276a082739e6755d7f896d5a7105
                _._                                                  
           _.-``__ ''-._                                             
      _.-``    `.  `_.  ''-._           Redis 7.0.15 (00000000/0) 64 bit
  .-`` .-```.  ```\/    _.,_ ''-._                                  
 (    '      ,       .-`  | `,    )     Running in cluster mode
 |`-._`-...-` __...-.``-._|'` _.-'|     Port: 6379
 |    `-._   `._    /     _.-'    |     PID: 1
  `-._    `-._  `-./  _.-'    _.-'                                   
 |`-._`-._    `-.__.-'    _.-'_.-'|                                  
 |    `-._`-._        _.-'_.-'    |           https://redis.io       
  `-._    `-._`-.__.-'_.-'    _.-'                                   
 |`-._`-._    `-.__.-'    _.-'_.-'|                                  
 |    `-._`-._        _.-'_.-'    |                                  
  `-._    `-._`-.__.-'_.-'    _.-'                                   
      `-._    `-.__.-'    _.-'                                       
          `-._        _.-'                                           
              `-.__.-'                                               

1:M 07 Dec 2024 03:48:56.616 # Server initialized
1:M 07 Dec 2024 03:48:56.616 # WARNING Memory overcommit must be enabled! Without it, a background save or replication may fail under low memory condition. Being disabled, it can can also cause failures without low memory condition, see https://github.com/jemalloc/jemalloc/issues/1328. To fix this issue add 'vm.overcommit_memory = 1' to /etc/sysctl.conf and then reboot or run the command 'sysctl vm.overcommit_memory=1' for this to take effect.
1:M 07 Dec 2024 03:48:56.616 * Reading RDB base file on AOF loading...
1:M 07 Dec 2024 03:48:56.616 * Loading RDB produced by version 7.0.15
1:M 07 Dec 2024 03:48:56.616 * RDB age 51328 seconds
1:M 07 Dec 2024 03:48:56.616 * RDB memory usage when created 1.51 Mb
1:M 07 Dec 2024 03:48:56.616 * RDB is base AOF
1:M 07 Dec 2024 03:48:56.616 * Done loading RDB, keys loaded: 0, keys expired: 0.
1:M 07 Dec 2024 03:48:56.617 * DB loaded from base file appendonly6384.aof.1.base.rdb: 0.000 seconds
1:M 07 Dec 2024 03:48:56.617 * DB loaded from append only file: 0.000 seconds
1:M 07 Dec 2024 03:48:56.618 * Opening AOF incr file appendonly6384.aof.1.incr.aof on server start
1:M 07 Dec 2024 03:48:56.618 * Ready to accept connections
1:signal-handler (1733543377) Received SIGTERM scheduling shutdown...
1:M 07 Dec 2024 03:49:37.338 # User requested shutdown...
1:M 07 Dec 2024 03:49:37.338 * Calling fsync() on the AOF file.
1:M 07 Dec 2024 03:49:37.339 * Saving the final RDB snapshot before exiting.
1:M 07 Dec 2024 03:49:37.341 * DB saved on disk
1:M 07 Dec 2024 03:49:37.341 * Removing the pid file.
1:M 07 Dec 2024 03:49:37.342 # Redis is now ready to exit, bye bye...
1:C 07 Dec 2024 03:53:55.275 # oO0OoO0OoO0Oo Redis is starting oO0OoO0OoO0Oo
1:C 07 Dec 2024 03:53:55.275 # Redis version=7.0.15, bits=64, commit=00000000, modified=0, pid=1, just started
1:C 07 Dec 2024 03:53:55.275 # Configuration loaded
1:M 07 Dec 2024 03:53:55.275 * monotonic clock: POSIX clock_gettime
1:M 07 Dec 2024 03:53:55.276 * Node configuration loaded, I'm c9dfbbf46c6b276a082739e6755d7f896d5a7105
                _._                                                  
           _.-``__ ''-._                                             
      _.-``    `.  `_.  ''-._           Redis 7.0.15 (00000000/0) 64 bit
  .-`` .-```.  ```\/    _.,_ ''-._                                  
 (    '      ,       .-`  | `,    )     Running in cluster mode
 |`-._`-...-` __...-.``-._|'` _.-'|     Port: 6379
 |    `-._   `._    /     _.-'    |     PID: 1
  `-._    `-._  `-./  _.-'    _.-'                                   
 |`-._`-._    `-.__.-'    _.-'_.-'|                                  
 |    `-._`-._        _.-'_.-'    |           https://redis.io       
  `-._    `-._`-.__.-'_.-'    _.-'                                   
 |`-._`-._    `-.__.-'    _.-'_.-'|                                  
 |    `-._`-._        _.-'_.-'    |                                  
  `-._    `-._`-.__.-'_.-'    _.-'                                   
      `-._    `-.__.-'    _.-'                                       
          `-._        _.-'                                           
              `-.__.-'                                               

1:M 07 Dec 2024 03:53:55.280 # Server initialized
1:M 07 Dec 2024 03:53:55.280 # WARNING Memory overcommit must be enabled! Without it, a background save or replication may fail under low memory condition. Being disabled, it can can also cause failures without low memory condition, see https://github.com/jemalloc/jemalloc/issues/1328. To fix this issue add 'vm.overcommit_memory = 1' to /etc/sysctl.conf and then reboot or run the command 'sysctl vm.overcommit_memory=1' for this to take effect.
1:M 07 Dec 2024 03:53:55.280 * Reading RDB base file on AOF loading...
1:M 07 Dec 2024 03:53:55.280 * Loading RDB produced by version 7.0.15
1:M 07 Dec 2024 03:53:55.280 * RDB age 51627 seconds
1:M 07 Dec 2024 03:53:55.280 * RDB memory usage when created 1.51 Mb
1:M 07 Dec 2024 03:53:55.280 * RDB is base AOF
1:M 07 Dec 2024 03:53:55.280 * Done loading RDB, keys loaded: 0, keys expired: 0.
1:M 07 Dec 2024 03:53:55.280 * DB loaded from base file appendonly6384.aof.1.base.rdb: 0.000 seconds
1:M 07 Dec 2024 03:53:55.280 * DB loaded from append only file: 0.000 seconds
1:M 07 Dec 2024 03:53:55.280 * Opening AOF incr file appendonly6384.aof.1.incr.aof on server start
1:M 07 Dec 2024 03:53:55.282 * Ready to accept connections
1:M 07 Dec 2024 03:56:29.413 # configEpoch set to 6 via CLUSTER SET-CONFIG-EPOCH
1:signal-handler (1733544311) Received SIGTERM scheduling shutdown...
1:M 07 Dec 2024 04:05:11.284 # User requested shutdown...
1:M 07 Dec 2024 04:05:11.285 * Calling fsync() on the AOF file.
1:M 07 Dec 2024 04:05:11.285 * Saving the final RDB snapshot before exiting.
1:M 07 Dec 2024 04:05:11.288 * DB saved on disk
1:M 07 Dec 2024 04:05:11.288 * Removing the pid file.
1:M 07 Dec 2024 04:05:11.288 # Redis is now ready to exit, bye bye...
1:C 07 Dec 2024 04:09:14.813 # oO0OoO0OoO0Oo Redis is starting oO0OoO0OoO0Oo
1:C 07 Dec 2024 04:09:14.813 # Redis version=7.0.15, bits=64, commit=00000000, modified=0, pid=1, just started
1:C 07 Dec 2024 04:09:14.813 # Configuration loaded
1:M 07 Dec 2024 04:09:14.813 * monotonic clock: POSIX clock_gettime
1:M 07 Dec 2024 04:09:14.815 * Node configuration loaded, I'm c9dfbbf46c6b276a082739e6755d7f896d5a7105
                _._                                                  
           _.-``__ ''-._                                             
      _.-``    `.  `_.  ''-._           Redis 7.0.15 (00000000/0) 64 bit
  .-`` .-```.  ```\/    _.,_ ''-._                                  
 (    '      ,       .-`  | `,    )     Running in cluster mode
 |`-._`-...-` __...-.``-._|'` _.-'|     Port: 6384
 |    `-._   `._    /     _.-'    |     PID: 1
  `-._    `-._  `-./  _.-'    _.-'                                   
 |`-._`-._    `-.__.-'    _.-'_.-'|                                  
 |    `-._`-._        _.-'_.-'    |           https://redis.io       
  `-._    `-._`-.__.-'_.-'    _.-'                                   
 |`-._`-._    `-.__.-'    _.-'_.-'|                                  
 |    `-._`-._        _.-'_.-'    |                                  
  `-._    `-._`-.__.-'_.-'    _.-'                                   
      `-._    `-.__.-'    _.-'                                       
          `-._        _.-'                                           
              `-.__.-'                                               

1:M 07 Dec 2024 04:09:14.817 # Server initialized
1:M 07 Dec 2024 04:09:14.817 # WARNING Memory overcommit must be enabled! Without it, a background save or replication may fail under low memory condition. Being disabled, it can can also cause failures without low memory condition, see https://github.com/jemalloc/jemalloc/issues/1328. To fix this issue add 'vm.overcommit_memory = 1' to /etc/sysctl.conf and then reboot or run the command 'sysctl vm.overcommit_memory=1' for this to take effect.
1:M 07 Dec 2024 04:09:14.817 * Reading RDB base file on AOF loading...
1:M 07 Dec 2024 04:09:14.817 * Loading RDB produced by version 7.0.15
1:M 07 Dec 2024 04:09:14.817 * RDB age 52546 seconds
1:M 07 Dec 2024 04:09:14.817 * RDB memory usage when created 1.51 Mb
1:M 07 Dec 2024 04:09:14.817 * RDB is base AOF
1:M 07 Dec 2024 04:09:14.817 * Done loading RDB, keys loaded: 0, keys expired: 0.
1:M 07 Dec 2024 04:09:14.817 * DB loaded from base file appendonly6384.aof.1.base.rdb: 0.000 seconds
1:M 07 Dec 2024 04:09:14.817 * DB loaded from append only file: 0.000 seconds
1:M 07 Dec 2024 04:09:14.817 * Opening AOF incr file appendonly6384.aof.1.incr.aof on server start
1:M 07 Dec 2024 04:09:14.817 * Ready to accept connections
1:C 07 Dec 2024 04:40:53.363 # oO0OoO0OoO0Oo Redis is starting oO0OoO0OoO0Oo
1:C 07 Dec 2024 04:40:53.363 # Redis version=7.0.15, bits=64, commit=00000000, modified=0, pid=1, just started
1:C 07 Dec 2024 04:40:53.363 # Configuration loaded
1:M 07 Dec 2024 04:40:53.363 * monotonic clock: POSIX clock_gettime
1:M 07 Dec 2024 04:40:53.367 * Node configuration loaded, I'm c9dfbbf46c6b276a082739e6755d7f896d5a7105
                _._                                                  
           _.-``__ ''-._                                             
      _.-``    `.  `_.  ''-._           Redis 7.0.15 (00000000/0) 64 bit
  .-`` .-```.  ```\/    _.,_ ''-._                                  
 (    '      ,       .-`  | `,    )     Running in cluster mode
 |`-._`-...-` __...-.``-._|'` _.-'|     Port: 6384
 |    `-._   `._    /     _.-'    |     PID: 1
  `-._    `-._  `-./  _.-'    _.-'                                   
 |`-._`-._    `-.__.-'    _.-'_.-'|                                  
 |    `-._`-._        _.-'_.-'    |           https://redis.io       
  `-._    `-._`-.__.-'_.-'    _.-'                                   
 |`-._`-._    `-.__.-'    _.-'_.-'|                                  
 |    `-._`-._        _.-'_.-'    |                                  
  `-._    `-._`-.__.-'_.-'    _.-'                                   
      `-._    `-.__.-'    _.-'                                       
          `-._        _.-'                                           
              `-.__.-'                                               

1:M 07 Dec 2024 04:40:53.368 # Server initialized
1:M 07 Dec 2024 04:40:53.368 # WARNING Memory overcommit must be enabled! Without it, a background save or replication may fail under low memory condition. Being disabled, it can can also cause failures without low memory condition, see https://github.com/jemalloc/jemalloc/issues/1328. To fix this issue add 'vm.overcommit_memory = 1' to /etc/sysctl.conf and then reboot or run the command 'sysctl vm.overcommit_memory=1' for this to take effect.
1:M 07 Dec 2024 04:40:53.375 * Reading RDB base file on AOF loading...
1:M 07 Dec 2024 04:40:53.375 * Loading RDB produced by version 7.0.15
1:M 07 Dec 2024 04:40:53.375 * RDB age 54445 seconds
1:M 07 Dec 2024 04:40:53.375 * RDB memory usage when created 1.51 Mb
1:M 07 Dec 2024 04:40:53.375 * RDB is base AOF
1:M 07 Dec 2024 04:40:53.375 * Done loading RDB, keys loaded: 0, keys expired: 0.
1:M 07 Dec 2024 04:40:53.375 * DB loaded from base file appendonly6384.aof.1.base.rdb: 0.007 seconds
1:M 07 Dec 2024 04:40:53.375 * DB loaded from append only file: 0.007 seconds
1:M 07 Dec 2024 04:40:53.375 * Opening AOF incr file appendonly6384.aof.1.incr.aof on server start
1:M 07 Dec 2024 04:40:53.375 * Ready to accept connections
1:M 07 Dec 2024 04:41:16.733 # IP address for this node updated to 172.19.0.2
1:M 07 Dec 2024 04:41:16.733 # Address updated for node dc7831a1af8d1c54d92c6cf6d6569247dca288ce, now 172.19.0.1:6379
1:S 07 Dec 2024 04:41:18.589 * Before turning into a replica, using my own master parameters to synthesize a cached master: I may be able to synchronize with the new master with just a partial transfer.
1:S 07 Dec 2024 04:41:18.589 * Connecting to MASTER 172.19.0.1:6380
1:S 07 Dec 2024 04:41:18.590 * MASTER <-> REPLICA sync started
1:S 07 Dec 2024 04:41:18.590 # Cluster state changed: ok
1:S 07 Dec 2024 04:41:18.590 * Non blocking connect for SYNC fired the event.
1:S 07 Dec 2024 04:41:18.593 * Master replied to PING, replication can continue...
1:S 07 Dec 2024 04:41:18.593 * Trying a partial resynchronization (request bd5b00fbf6ea70d87ab1f1a92627b4859ab561e1:1).
1:S 07 Dec 2024 04:41:18.595 * Full resync from master: 9c79757ba5b84515678a470987ddab7cb6a77aed:0
1:S 07 Dec 2024 04:41:19.596 * MASTER <-> REPLICA sync: receiving 172 bytes from master to disk
1:S 07 Dec 2024 04:41:19.596 * Discarding previously cached master state.
1:S 07 Dec 2024 04:41:19.596 * MASTER <-> REPLICA sync: Flushing old data
1:S 07 Dec 2024 04:41:19.598 * MASTER <-> REPLICA sync: Loading DB in memory
1:S 07 Dec 2024 04:41:19.613 * Loading RDB produced by version 7.0.15
1:S 07 Dec 2024 04:41:19.613 * RDB age 1 seconds
1:S 07 Dec 2024 04:41:19.613 * RDB memory usage when created 1.76 Mb
1:S 07 Dec 2024 04:41:19.613 * Done loading RDB, keys loaded: 0, keys expired: 0.
1:S 07 Dec 2024 04:41:19.613 * MASTER <-> REPLICA sync: Finished with success
1:S 07 Dec 2024 04:41:19.613 * Creating AOF incr file temp-appendonly6384.aof.incr on background rewrite
1:S 07 Dec 2024 04:41:19.614 * Background append only file rewriting started by pid 11
11:C 07 Dec 2024 04:41:19.618 * Successfully created the temporary AOF base file temp-rewriteaof-bg-11.aof
11:C 07 Dec 2024 04:41:19.619 * Fork CoW for AOF rewrite: current 0 MB, peak 0 MB, average 0 MB
1:S 07 Dec 2024 04:41:19.697 * Background AOF rewrite terminated with success
1:S 07 Dec 2024 04:41:19.698 * Successfully renamed the temporary AOF base file temp-rewriteaof-bg-11.aof into appendonly6384.aof.2.base.rdb
1:S 07 Dec 2024 04:41:19.698 * Successfully renamed the temporary AOF incr file temp-appendonly6384.aof.incr into appendonly6384.aof.2.incr.aof
1:S 07 Dec 2024 04:41:19.700 * Removing the history file appendonly6384.aof.1.incr.aof in the background
1:S 07 Dec 2024 04:41:19.700 * Removing the history file appendonly6384.aof.1.base.rdb in the background
1:S 07 Dec 2024 04:41:19.703 * Background AOF rewrite finished successfully
