2025/03/12 18:39:18 /home/ken/go/pkg/mod/gorm.io/gorm@v1.25.12/logger/logger.go:180: /home/ken/ken/go-project/service/goods/internal/resourse/db.go:51
[4.994ms] [rows:-] SELECT DATABASE()
2025/03/12 18:39:18 /home/ken/go/pkg/mod/gorm.io/gorm@v1.25.12/logger/logger.go:182: /home/ken/ken/go-project/service/goods/internal/resourse/db.go:51
[19.847ms] [rows:1] SELECT SCHEMA_NAME from Information_schema.SCHEMATA where SCHEMA_NAME LIKE 'goods_srv%' ORDER BY SCHEMA_NAME='goods_srv' DESC,SCHEMA_NAME limit 1
2025/03/12 18:39:18 /home/ken/go/pkg/mod/gorm.io/gorm@v1.25.12/logger/logger.go:180: /home/ken/ken/go-project/service/goods/internal/resourse/db.go:51
[13.801ms] [rows:-] SELECT count(*) FROM information_schema.tables WHERE table_schema = 'goods_srv' AND table_name = 'brands' AND table_type = 'BASE TABLE'
2025/03/12 18:39:18 /home/ken/go/pkg/mod/gorm.io/gorm@v1.25.12/logger/logger.go:180: /home/ken/ken/go-project/service/goods/internal/resourse/db.go:51
[2.391ms] [rows:-] SELECT DATABASE()
2025/03/12 18:39:18 /home/ken/go/pkg/mod/gorm.io/gorm@v1.25.12/logger/logger.go:182: /home/ken/ken/go-project/service/goods/internal/resourse/db.go:51
[6.118ms] [rows:1] SELECT SCHEMA_NAME from Information_schema.SCHEMATA where SCHEMA_NAME LIKE 'goods_srv%' ORDER BY SCHEMA_NAME='goods_srv' DESC,SCHEMA_NAME limit 1
2025/03/12 18:39:18 /home/ken/go/pkg/mod/gorm.io/gorm@v1.25.12/logger/logger.go:180: /home/ken/ken/go-project/service/goods/internal/resourse/db.go:51
[17.558ms] [rows:-] SELECT * FROM `brands` LIMIT 1
2025/03/12 18:39:18 /home/ken/go/pkg/mod/gorm.io/gorm@v1.25.12/logger/logger.go:180: /home/ken/ken/go-project/service/goods/internal/resourse/db.go:51
[13.390ms] [rows:-] SELECT column_name, column_default, is_nullable = 'YES', data_type, character_maximum_length, column_type, column_key, extra, column_comment, numeric_precision, numeric_scale , datetime_precision FROM information_schema.columns WHERE table_schema = 'goods_srv' AND table_name = 'brands' ORDER BY ORDINAL_POSITION
2025/03/12 18:39:18 /home/ken/go/pkg/mod/gorm.io/gorm@v1.25.12/logger/logger.go:180: 
[0.465ms] [rows:-] SELECT DATABASE()
2025/03/12 18:39:18 /home/ken/go/pkg/mod/gorm.io/gorm@v1.25.12/logger/logger.go:182: 
[2.718ms] [rows:1] SELECT SCHEMA_NAME from Information_schema.SCHEMATA where SCHEMA_NAME LIKE 'goods_srv%' ORDER BY SCHEMA_NAME='goods_srv' DESC,SCHEMA_NAME limit 1
2025/03/12 18:39:18 /home/ken/go/pkg/mod/gorm.io/gorm@v1.25.12/logger/logger.go:182: /home/ken/ken/go-project/service/goods/internal/resourse/db.go:51
[17.926ms] [rows:3] 
SELECT
	TABLE_NAME,
	COLUMN_NAME,
	INDEX_NAME,
	NON_UNIQUE 
FROM
	information_schema.STATISTICS 
WHERE
	TABLE_SCHEMA = 'goods_srv' 
	AND TABLE_NAME = 'brands' 
ORDER BY
	INDEX_NAME,
	SEQ_IN_INDEX
2025/03/12 18:39:18 /home/ken/go/pkg/mod/gorm.io/gorm@v1.25.12/logger/logger.go:180: 
[0.425ms] [rows:-] SELECT DATABASE()
2025/03/12 18:39:18 /home/ken/go/pkg/mod/gorm.io/gorm@v1.25.12/logger/logger.go:182: 
[2.032ms] [rows:1] SELECT SCHEMA_NAME from Information_schema.SCHEMATA where SCHEMA_NAME LIKE 'goods_srv%' ORDER BY SCHEMA_NAME='goods_srv' DESC,SCHEMA_NAME limit 1
2025/03/12 18:39:18 /home/ken/go/pkg/mod/gorm.io/gorm@v1.25.12/logger/logger.go:180: 
[42.727ms] [rows:-] SELECT count(*) FROM INFORMATION_SCHEMA.table_constraints WHERE constraint_schema = 'goods_srv' AND table_name = 'brands' AND constraint_name = 'uni_brands_name'
2025/03/12 18:39:18 /home/ken/go/pkg/mod/gorm.io/gorm@v1.25.12/logger/logger.go:180: /home/ken/ken/go-project/service/goods/internal/resourse/db.go:51
[0.796ms] [rows:-] SELECT DATABASE()
2025/03/12 18:39:18 /home/ken/go/pkg/mod/gorm.io/gorm@v1.25.12/logger/logger.go:182: /home/ken/ken/go-project/service/goods/internal/resourse/db.go:51
[2.836ms] [rows:1] SELECT SCHEMA_NAME from Information_schema.SCHEMATA where SCHEMA_NAME LIKE 'goods_srv%' ORDER BY SCHEMA_NAME='goods_srv' DESC,SCHEMA_NAME limit 1
2025/03/12 18:39:18 /home/ken/go/pkg/mod/gorm.io/gorm@v1.25.12/logger/logger.go:180: /home/ken/ken/go-project/service/goods/internal/resourse/db.go:51
[4.603ms] [rows:-] SELECT count(*) FROM information_schema.statistics WHERE table_schema = 'goods_srv' AND table_name = 'brands' AND index_name = 'idx_brands_deleted_at'
2025/03/12 18:39:18 /home/ken/go/pkg/mod/gorm.io/gorm@v1.25.12/logger/logger.go:180: /home/ken/ken/go-project/service/goods/internal/resourse/db.go:51
[1.954ms] [rows:-] SELECT DATABASE()
2025/03/12 18:39:18 /home/ken/go/pkg/mod/gorm.io/gorm@v1.25.12/logger/logger.go:182: /home/ken/ken/go-project/service/goods/internal/resourse/db.go:51
[3.516ms] [rows:1] SELECT SCHEMA_NAME from Information_schema.SCHEMATA where SCHEMA_NAME LIKE 'goods_srv%' ORDER BY SCHEMA_NAME='goods_srv' DESC,SCHEMA_NAME limit 1
2025/03/12 18:39:18 /home/ken/go/pkg/mod/gorm.io/gorm@v1.25.12/logger/logger.go:180: /home/ken/ken/go-project/service/goods/internal/resourse/db.go:51
[2.757ms] [rows:-] SELECT count(*) FROM information_schema.tables WHERE table_schema = 'goods_srv' AND table_name = 'categories' AND table_type = 'BASE TABLE'
2025/03/12 18:39:18 /home/ken/go/pkg/mod/gorm.io/gorm@v1.25.12/logger/logger.go:180: /home/ken/ken/go-project/service/goods/internal/resourse/db.go:51
[1.232ms] [rows:-] SELECT DATABASE()
2025/03/12 18:39:18 /home/ken/go/pkg/mod/gorm.io/gorm@v1.25.12/logger/logger.go:182: /home/ken/ken/go-project/service/goods/internal/resourse/db.go:51
[1.937ms] [rows:1] SELECT SCHEMA_NAME from Information_schema.SCHEMATA where SCHEMA_NAME LIKE 'goods_srv%' ORDER BY SCHEMA_NAME='goods_srv' DESC,SCHEMA_NAME limit 1
2025/03/12 18:39:18 /home/ken/go/pkg/mod/gorm.io/gorm@v1.25.12/logger/logger.go:180: /home/ken/ken/go-project/service/goods/internal/resourse/db.go:51
[7.039ms] [rows:-] SELECT * FROM `categories` LIMIT 1
2025/03/12 18:39:18 /home/ken/go/pkg/mod/gorm.io/gorm@v1.25.12/logger/logger.go:180: /home/ken/ken/go-project/service/goods/internal/resourse/db.go:51
[2.486ms] [rows:-] SELECT column_name, column_default, is_nullable = 'YES', data_type, character_maximum_length, column_type, column_key, extra, column_comment, numeric_precision, numeric_scale , datetime_precision FROM information_schema.columns WHERE table_schema = 'goods_srv' AND table_name = 'categories' ORDER BY ORDINAL_POSITION
2025/03/12 18:39:18 /home/ken/go/pkg/mod/gorm.io/gorm@v1.25.12/logger/logger.go:180: /home/ken/ken/go-project/service/goods/internal/resourse/db.go:51
[0.917ms] [rows:-] SELECT DATABASE()
2025/03/12 18:39:18 /home/ken/go/pkg/mod/gorm.io/gorm@v1.25.12/logger/logger.go:182: /home/ken/ken/go-project/service/goods/internal/resourse/db.go:51
[1.473ms] [rows:1] SELECT SCHEMA_NAME from Information_schema.SCHEMATA where SCHEMA_NAME LIKE 'goods_srv%' ORDER BY SCHEMA_NAME='goods_srv' DESC,SCHEMA_NAME limit 1
2025/03/12 18:39:18 /home/ken/go/pkg/mod/gorm.io/gorm@v1.25.12/logger/logger.go:180: /home/ken/ken/go-project/service/goods/internal/resourse/db.go:51
[3.917ms] [rows:-] SELECT count(*) FROM INFORMATION_SCHEMA.table_constraints WHERE constraint_schema = 'goods_srv' AND table_name = 'categories' AND constraint_name = 'fk_categories_sub_category'
2025/03/12 18:39:18 /home/ken/go/pkg/mod/gorm.io/gorm@v1.25.12/logger/logger.go:180: /home/ken/ken/go-project/service/goods/internal/resourse/db.go:51
[0.563ms] [rows:-] SELECT DATABASE()
2025/03/12 18:39:18 /home/ken/go/pkg/mod/gorm.io/gorm@v1.25.12/logger/logger.go:182: /home/ken/ken/go-project/service/goods/internal/resourse/db.go:51
[1.524ms] [rows:1] SELECT SCHEMA_NAME from Information_schema.SCHEMATA where SCHEMA_NAME LIKE 'goods_srv%' ORDER BY SCHEMA_NAME='goods_srv' DESC,SCHEMA_NAME limit 1
2025/03/12 18:39:18 /home/ken/go/pkg/mod/gorm.io/gorm@v1.25.12/logger/logger.go:180: /home/ken/ken/go-project/service/goods/internal/resourse/db.go:51
[3.092ms] [rows:-] SELECT count(*) FROM information_schema.statistics WHERE table_schema = 'goods_srv' AND table_name = 'categories' AND index_name = 'idx_categories_deleted_at'
2025/03/12 18:39:18 /home/ken/go/pkg/mod/gorm.io/gorm@v1.25.12/logger/logger.go:180: /home/ken/ken/go-project/service/goods/internal/resourse/db.go:51
[1.141ms] [rows:-] SELECT DATABASE()
2025/03/12 18:39:18 /home/ken/go/pkg/mod/gorm.io/gorm@v1.25.12/logger/logger.go:182: /home/ken/ken/go-project/service/goods/internal/resourse/db.go:51
[2.738ms] [rows:1] SELECT SCHEMA_NAME from Information_schema.SCHEMATA where SCHEMA_NAME LIKE 'goods_srv%' ORDER BY SCHEMA_NAME='goods_srv' DESC,SCHEMA_NAME limit 1
2025/03/12 18:39:18 /home/ken/go/pkg/mod/gorm.io/gorm@v1.25.12/logger/logger.go:180: /home/ken/ken/go-project/service/goods/internal/resourse/db.go:51
[3.417ms] [rows:-] SELECT count(*) FROM information_schema.tables WHERE table_schema = 'goods_srv' AND table_name = 'goods' AND table_type = 'BASE TABLE'
2025/03/12 18:39:18 /home/ken/go/pkg/mod/gorm.io/gorm@v1.25.12/logger/logger.go:180: /home/ken/ken/go-project/service/goods/internal/resourse/db.go:51
[0.862ms] [rows:-] SELECT DATABASE()
2025/03/12 18:39:18 /home/ken/go/pkg/mod/gorm.io/gorm@v1.25.12/logger/logger.go:182: /home/ken/ken/go-project/service/goods/internal/resourse/db.go:51
[1.958ms] [rows:1] SELECT SCHEMA_NAME from Information_schema.SCHEMATA where SCHEMA_NAME LIKE 'goods_srv%' ORDER BY SCHEMA_NAME='goods_srv' DESC,SCHEMA_NAME limit 1
2025/03/12 18:39:18 /home/ken/go/pkg/mod/gorm.io/gorm@v1.25.12/logger/logger.go:180: /home/ken/ken/go-project/service/goods/internal/resourse/db.go:51
[6.122ms] [rows:-] SELECT * FROM `goods` LIMIT 1
2025/03/12 18:39:18 /home/ken/go/pkg/mod/gorm.io/gorm@v1.25.12/logger/logger.go:180: /home/ken/ken/go-project/service/goods/internal/resourse/db.go:51
[4.525ms] [rows:-] SELECT column_name, column_default, is_nullable = 'YES', data_type, character_maximum_length, column_type, column_key, extra, column_comment, numeric_precision, numeric_scale , datetime_precision FROM information_schema.columns WHERE table_schema = 'goods_srv' AND table_name = 'goods' ORDER BY ORDINAL_POSITION
2025/03/12 18:39:18 /home/ken/go/pkg/mod/gorm.io/gorm@v1.25.12/logger/logger.go:180: /home/ken/ken/go-project/service/goods/internal/resourse/db.go:51
[0.336ms] [rows:-] SELECT DATABASE()
2025/03/12 18:39:18 /home/ken/go/pkg/mod/gorm.io/gorm@v1.25.12/logger/logger.go:182: /home/ken/ken/go-project/service/goods/internal/resourse/db.go:51
[1.992ms] [rows:1] SELECT SCHEMA_NAME from Information_schema.SCHEMATA where SCHEMA_NAME LIKE 'goods_srv%' ORDER BY SCHEMA_NAME='goods_srv' DESC,SCHEMA_NAME limit 1
2025/03/12 18:39:18 /home/ken/go/pkg/mod/gorm.io/gorm@v1.25.12/logger/logger.go:180: /home/ken/ken/go-project/service/goods/internal/resourse/db.go:51
[3.913ms] [rows:-] SELECT count(*) FROM INFORMATION_SCHEMA.table_constraints WHERE constraint_schema = 'goods_srv' AND table_name = 'goods' AND constraint_name = 'fk_goods_brand'
2025/03/12 18:39:18 /home/ken/go/pkg/mod/gorm.io/gorm@v1.25.12/logger/logger.go:180: /home/ken/ken/go-project/service/goods/internal/resourse/db.go:51
[0.512ms] [rows:-] SELECT DATABASE()
2025/03/12 18:39:18 /home/ken/go/pkg/mod/gorm.io/gorm@v1.25.12/logger/logger.go:182: /home/ken/ken/go-project/service/goods/internal/resourse/db.go:51
[1.965ms] [rows:1] SELECT SCHEMA_NAME from Information_schema.SCHEMATA where SCHEMA_NAME LIKE 'goods_srv%' ORDER BY SCHEMA_NAME='goods_srv' DESC,SCHEMA_NAME limit 1
2025/03/12 18:39:18 /home/ken/go/pkg/mod/gorm.io/gorm@v1.25.12/logger/logger.go:180: /home/ken/ken/go-project/service/goods/internal/resourse/db.go:51
[5.792ms] [rows:-] SELECT count(*) FROM INFORMATION_SCHEMA.table_constraints WHERE constraint_schema = 'goods_srv' AND table_name = 'goods' AND constraint_name = 'fk_goods_category'
2025/03/12 18:39:18 /home/ken/go/pkg/mod/gorm.io/gorm@v1.25.12/logger/logger.go:180: /home/ken/ken/go-project/service/goods/internal/resourse/db.go:51
[0.459ms] [rows:-] SELECT DATABASE()
2025/03/12 18:39:18 /home/ken/go/pkg/mod/gorm.io/gorm@v1.25.12/logger/logger.go:182: /home/ken/ken/go-project/service/goods/internal/resourse/db.go:51
[3.253ms] [rows:1] SELECT SCHEMA_NAME from Information_schema.SCHEMATA where SCHEMA_NAME LIKE 'goods_srv%' ORDER BY SCHEMA_NAME='goods_srv' DESC,SCHEMA_NAME limit 1
2025/03/12 18:39:18 /home/ken/go/pkg/mod/gorm.io/gorm@v1.25.12/logger/logger.go:180: /home/ken/ken/go-project/service/goods/internal/resourse/db.go:51
[1.906ms] [rows:-] SELECT count(*) FROM information_schema.statistics WHERE table_schema = 'goods_srv' AND table_name = 'goods' AND index_name = 'idx_goods_deleted_at'
2025/03/12 18:39:18 /home/ken/go/pkg/mod/gorm.io/gorm@v1.25.12/logger/logger.go:180: /home/ken/ken/go-project/service/goods/internal/resourse/db.go:51
[0.862ms] [rows:-] SELECT DATABASE()
2025/03/12 18:39:18 /home/ken/go/pkg/mod/gorm.io/gorm@v1.25.12/logger/logger.go:182: /home/ken/ken/go-project/service/goods/internal/resourse/db.go:51
[3.275ms] [rows:1] SELECT SCHEMA_NAME from Information_schema.SCHEMATA where SCHEMA_NAME LIKE 'goods_srv%' ORDER BY SCHEMA_NAME='goods_srv' DESC,SCHEMA_NAME limit 1
2025/03/12 18:39:18 /home/ken/go/pkg/mod/gorm.io/gorm@v1.25.12/logger/logger.go:180: /home/ken/ken/go-project/service/goods/internal/resourse/db.go:51
[2.584ms] [rows:-] SELECT count(*) FROM information_schema.tables WHERE table_schema = 'goods_srv' AND table_name = 'banners' AND table_type = 'BASE TABLE'
2025/03/12 18:39:18 /home/ken/go/pkg/mod/gorm.io/gorm@v1.25.12/logger/logger.go:180: /home/ken/ken/go-project/service/goods/internal/resourse/db.go:51
[1.872ms] [rows:-] SELECT DATABASE()
2025/03/12 18:39:18 /home/ken/go/pkg/mod/gorm.io/gorm@v1.25.12/logger/logger.go:182: /home/ken/ken/go-project/service/goods/internal/resourse/db.go:51
[4.434ms] [rows:1] SELECT SCHEMA_NAME from Information_schema.SCHEMATA where SCHEMA_NAME LIKE 'goods_srv%' ORDER BY SCHEMA_NAME='goods_srv' DESC,SCHEMA_NAME limit 1
2025/03/12 18:39:18 /home/ken/go/pkg/mod/gorm.io/gorm@v1.25.12/logger/logger.go:180: /home/ken/ken/go-project/service/goods/internal/resourse/db.go:51
[9.342ms] [rows:-] SELECT * FROM `banners` LIMIT 1
2025/03/12 18:39:18 /home/ken/go/pkg/mod/gorm.io/gorm@v1.25.12/logger/logger.go:180: /home/ken/ken/go-project/service/goods/internal/resourse/db.go:51
[4.425ms] [rows:-] SELECT column_name, column_default, is_nullable = 'YES', data_type, character_maximum_length, column_type, column_key, extra, column_comment, numeric_precision, numeric_scale , datetime_precision FROM information_schema.columns WHERE table_schema = 'goods_srv' AND table_name = 'banners' ORDER BY ORDINAL_POSITION
2025/03/12 18:39:18 /home/ken/go/pkg/mod/gorm.io/gorm@v1.25.12/logger/logger.go:180: /home/ken/ken/go-project/service/goods/internal/resourse/db.go:51
[1.861ms] [rows:-] SELECT DATABASE()
2025/03/12 18:39:18 /home/ken/go/pkg/mod/gorm.io/gorm@v1.25.12/logger/logger.go:182: /home/ken/ken/go-project/service/goods/internal/resourse/db.go:51
[2.791ms] [rows:1] SELECT SCHEMA_NAME from Information_schema.SCHEMATA where SCHEMA_NAME LIKE 'goods_srv%' ORDER BY SCHEMA_NAME='goods_srv' DESC,SCHEMA_NAME limit 1
2025/03/12 18:39:18 /home/ken/go/pkg/mod/gorm.io/gorm@v1.25.12/logger/logger.go:180: /home/ken/ken/go-project/service/goods/internal/resourse/db.go:51
[4.584ms] [rows:-] SELECT count(*) FROM information_schema.statistics WHERE table_schema = 'goods_srv' AND table_name = 'banners' AND index_name = 'idx_banners_deleted_at'
2025/03/12 18:39:18 /home/ken/go/pkg/mod/gorm.io/gorm@v1.25.12/logger/logger.go:180: /home/ken/ken/go-project/service/goods/internal/resourse/db.go:51
[1.715ms] [rows:-] SELECT DATABASE()
2025/03/12 18:39:18 /home/ken/go/pkg/mod/gorm.io/gorm@v1.25.12/logger/logger.go:182: /home/ken/ken/go-project/service/goods/internal/resourse/db.go:51
[3.588ms] [rows:1] SELECT SCHEMA_NAME from Information_schema.SCHEMATA where SCHEMA_NAME LIKE 'goods_srv%' ORDER BY SCHEMA_NAME='goods_srv' DESC,SCHEMA_NAME limit 1
2025/03/12 18:39:18 /home/ken/go/pkg/mod/gorm.io/gorm@v1.25.12/logger/logger.go:180: /home/ken/ken/go-project/service/goods/internal/resourse/db.go:51
[2.460ms] [rows:-] SELECT count(*) FROM information_schema.tables WHERE table_schema = 'goods_srv' AND table_name = 'category_brands' AND table_type = 'BASE TABLE'
2025/03/12 18:39:18 /home/ken/go/pkg/mod/gorm.io/gorm@v1.25.12/logger/logger.go:180: /home/ken/ken/go-project/service/goods/internal/resourse/db.go:51
[4.376ms] [rows:-] SELECT DATABASE()
2025/03/12 18:39:18 /home/ken/go/pkg/mod/gorm.io/gorm@v1.25.12/logger/logger.go:182: /home/ken/ken/go-project/service/goods/internal/resourse/db.go:51
[2.979ms] [rows:1] SELECT SCHEMA_NAME from Information_schema.SCHEMATA where SCHEMA_NAME LIKE 'goods_srv%' ORDER BY SCHEMA_NAME='goods_srv' DESC,SCHEMA_NAME limit 1
2025/03/12 18:39:18 /home/ken/go/pkg/mod/gorm.io/gorm@v1.25.12/logger/logger.go:180: /home/ken/ken/go-project/service/goods/internal/resourse/db.go:51
[8.462ms] [rows:-] SELECT * FROM `category_brands` LIMIT 1
2025/03/12 18:39:18 /home/ken/go/pkg/mod/gorm.io/gorm@v1.25.12/logger/logger.go:180: /home/ken/ken/go-project/service/goods/internal/resourse/db.go:51
[2.509ms] [rows:-] SELECT column_name, column_default, is_nullable = 'YES', data_type, character_maximum_length, column_type, column_key, extra, column_comment, numeric_precision, numeric_scale , datetime_precision FROM information_schema.columns WHERE table_schema = 'goods_srv' AND table_name = 'category_brands' ORDER BY ORDINAL_POSITION
2025/03/12 18:39:18 /home/ken/go/pkg/mod/gorm.io/gorm@v1.25.12/logger/logger.go:180: /home/ken/ken/go-project/service/goods/internal/resourse/db.go:51
[2.384ms] [rows:-] SELECT DATABASE()
2025/03/12 18:39:18 /home/ken/go/pkg/mod/gorm.io/gorm@v1.25.12/logger/logger.go:182: /home/ken/ken/go-project/service/goods/internal/resourse/db.go:51
[4.111ms] [rows:1] SELECT SCHEMA_NAME from Information_schema.SCHEMATA where SCHEMA_NAME LIKE 'goods_srv%' ORDER BY SCHEMA_NAME='goods_srv' DESC,SCHEMA_NAME limit 1
2025/03/12 18:39:18 /home/ken/go/pkg/mod/gorm.io/gorm@v1.25.12/logger/logger.go:180: /home/ken/ken/go-project/service/goods/internal/resourse/db.go:51
[5.216ms] [rows:-] SELECT count(*) FROM INFORMATION_SCHEMA.table_constraints WHERE constraint_schema = 'goods_srv' AND table_name = 'category_brands' AND constraint_name = 'fk_category_brands_category'
2025/03/12 18:39:18 /home/ken/go/pkg/mod/gorm.io/gorm@v1.25.12/logger/logger.go:180: /home/ken/ken/go-project/service/goods/internal/resourse/db.go:51
[0.513ms] [rows:-] SELECT DATABASE()
2025/03/12 18:39:18 /home/ken/go/pkg/mod/gorm.io/gorm@v1.25.12/logger/logger.go:182: /home/ken/ken/go-project/service/goods/internal/resourse/db.go:51
[3.025ms] [rows:1] SELECT SCHEMA_NAME from Information_schema.SCHEMATA where SCHEMA_NAME LIKE 'goods_srv%' ORDER BY SCHEMA_NAME='goods_srv' DESC,SCHEMA_NAME limit 1
2025/03/12 18:39:18 /home/ken/go/pkg/mod/gorm.io/gorm@v1.25.12/logger/logger.go:180: /home/ken/ken/go-project/service/goods/internal/resourse/db.go:51
[6.686ms] [rows:-] SELECT count(*) FROM INFORMATION_SCHEMA.table_constraints WHERE constraint_schema = 'goods_srv' AND table_name = 'category_brands' AND constraint_name = 'fk_category_brands_brand'
2025/03/12 18:39:18 /home/ken/go/pkg/mod/gorm.io/gorm@v1.25.12/logger/logger.go:180: /home/ken/ken/go-project/service/goods/internal/resourse/db.go:51
[1.234ms] [rows:-] SELECT DATABASE()
2025/03/12 18:39:18 /home/ken/go/pkg/mod/gorm.io/gorm@v1.25.12/logger/logger.go:182: /home/ken/ken/go-project/service/goods/internal/resourse/db.go:51
[4.604ms] [rows:1] SELECT SCHEMA_NAME from Information_schema.SCHEMATA where SCHEMA_NAME LIKE 'goods_srv%' ORDER BY SCHEMA_NAME='goods_srv' DESC,SCHEMA_NAME limit 1
2025/03/12 18:39:18 /home/ken/go/pkg/mod/gorm.io/gorm@v1.25.12/logger/logger.go:180: /home/ken/ken/go-project/service/goods/internal/resourse/db.go:51
[4.725ms] [rows:-] SELECT count(*) FROM information_schema.statistics WHERE table_schema = 'goods_srv' AND table_name = 'category_brands' AND index_name = 'idx_category_brands_deleted_at'
2025/03/12 18:39:18 /home/ken/go/pkg/mod/gorm.io/gorm@v1.25.12/logger/logger.go:180: /home/ken/ken/go-project/service/goods/internal/resourse/db.go:51
[0.854ms] [rows:-] SELECT DATABASE()
2025/03/12 18:39:18 /home/ken/go/pkg/mod/gorm.io/gorm@v1.25.12/logger/logger.go:182: /home/ken/ken/go-project/service/goods/internal/resourse/db.go:51
[4.022ms] [rows:1] SELECT SCHEMA_NAME from Information_schema.SCHEMATA where SCHEMA_NAME LIKE 'goods_srv%' ORDER BY SCHEMA_NAME='goods_srv' DESC,SCHEMA_NAME limit 1
2025/03/12 18:39:18 /home/ken/go/pkg/mod/gorm.io/gorm@v1.25.12/logger/logger.go:180: /home/ken/ken/go-project/service/goods/internal/resourse/db.go:51
[2.243ms] [rows:-] SELECT count(*) FROM information_schema.statistics WHERE table_schema = 'goods_srv' AND table_name = 'category_brands' AND index_name = 'idx_category_brand'
2025/03/12 18:39:18 /home/ken/go/pkg/mod/gorm.io/gorm@v1.25.12/logger/logger.go:180: /home/ken/ken/go-project/service/goods/internal/resourse/db.go:51
[0.503ms] [rows:-] SELECT DATABASE()
2025/03/12 18:39:18 /home/ken/go/pkg/mod/gorm.io/gorm@v1.25.12/logger/logger.go:182: /home/ken/ken/go-project/service/goods/internal/resourse/db.go:51
[4.481ms] [rows:1] SELECT SCHEMA_NAME from Information_schema.SCHEMATA where SCHEMA_NAME LIKE 'goods_srv%' ORDER BY SCHEMA_NAME='goods_srv' DESC,SCHEMA_NAME limit 1
2025/03/12 18:39:18 /home/ken/go/pkg/mod/gorm.io/gorm@v1.25.12/logger/logger.go:180: /home/ken/ken/go-project/service/goods/internal/resourse/db.go:51
[5.544ms] [rows:-] SELECT count(*) FROM information_schema.tables WHERE table_schema = 'goods_srv' AND table_name = 'goods_details' AND table_type = 'BASE TABLE'
2025/03/12 18:39:18 /home/ken/go/pkg/mod/gorm.io/gorm@v1.25.12/logger/logger.go:180: /home/ken/ken/go-project/service/goods/internal/resourse/db.go:51
[0.501ms] [rows:-] SELECT DATABASE()
2025/03/12 18:39:18 /home/ken/go/pkg/mod/gorm.io/gorm@v1.25.12/logger/logger.go:182: /home/ken/ken/go-project/service/goods/internal/resourse/db.go:51
[5.104ms] [rows:1] SELECT SCHEMA_NAME from Information_schema.SCHEMATA where SCHEMA_NAME LIKE 'goods_srv%' ORDER BY SCHEMA_NAME='goods_srv' DESC,SCHEMA_NAME limit 1
2025/03/12 18:39:18 /home/ken/go/pkg/mod/gorm.io/gorm@v1.25.12/logger/logger.go:180: /home/ken/ken/go-project/service/goods/internal/resourse/db.go:51
[4.672ms] [rows:-] SELECT * FROM `goods_details` LIMIT 1
2025/03/12 18:39:18 /home/ken/go/pkg/mod/gorm.io/gorm@v1.25.12/logger/logger.go:180: /home/ken/ken/go-project/service/goods/internal/resourse/db.go:51
[6.418ms] [rows:-] SELECT column_name, column_default, is_nullable = 'YES', data_type, character_maximum_length, column_type, column_key, extra, column_comment, numeric_precision, numeric_scale , datetime_precision FROM information_schema.columns WHERE table_schema = 'goods_srv' AND table_name = 'goods_details' ORDER BY ORDINAL_POSITION
2025/03/12 18:39:18 /home/ken/go/pkg/mod/gorm.io/gorm@v1.25.12/logger/logger.go:180: /home/ken/ken/go-project/service/goods/internal/resourse/db.go:51
[1.059ms] [rows:-] SELECT DATABASE()
2025/03/12 18:39:18 /home/ken/go/pkg/mod/gorm.io/gorm@v1.25.12/logger/logger.go:182: /home/ken/ken/go-project/service/goods/internal/resourse/db.go:51
[5.649ms] [rows:1] SELECT SCHEMA_NAME from Information_schema.SCHEMATA where SCHEMA_NAME LIKE 'goods_srv%' ORDER BY SCHEMA_NAME='goods_srv' DESC,SCHEMA_NAME limit 1
2025/03/12 18:39:18 /home/ken/go/pkg/mod/gorm.io/gorm@v1.25.12/logger/logger.go:180: /home/ken/ken/go-project/service/goods/internal/resourse/db.go:51
[3.986ms] [rows:-] SELECT count(*) FROM INFORMATION_SCHEMA.table_constraints WHERE constraint_schema = 'goods_srv' AND table_name = 'goods_details' AND constraint_name = 'fk_goods_goods_detail'
2025/03/12 18:39:18 /home/ken/go/pkg/mod/gorm.io/gorm@v1.25.12/logger/logger.go:180: /home/ken/ken/go-project/service/goods/internal/resourse/db.go:51
[0.653ms] [rows:-] SELECT DATABASE()
2025/03/12 18:39:18 /home/ken/go/pkg/mod/gorm.io/gorm@v1.25.12/logger/logger.go:182: /home/ken/ken/go-project/service/goods/internal/resourse/db.go:51
[4.867ms] [rows:1] SELECT SCHEMA_NAME from Information_schema.SCHEMATA where SCHEMA_NAME LIKE 'goods_srv%' ORDER BY SCHEMA_NAME='goods_srv' DESC,SCHEMA_NAME limit 1
2025/03/12 18:39:18 /home/ken/go/pkg/mod/gorm.io/gorm@v1.25.12/logger/logger.go:180: /home/ken/ken/go-project/service/goods/internal/resourse/db.go:51
[3.083ms] [rows:-] SELECT count(*) FROM information_schema.statistics WHERE table_schema = 'goods_srv' AND table_name = 'goods_details' AND index_name = 'idx_goods_details_deleted_at'
2025/03/12 18:39:39 /home/ken/go/pkg/mod/gorm.io/gorm@v1.25.12/logger/logger.go:182: /home/ken/ken/go-project/service/goods/internal/data/goods_data.go:31
[3.975ms] [rows:4] SELECT * FROM `goods` WHERE id in (2,1,3,4) AND `goods`.`deleted_at` IS NULL
2025/03/12 18:41:08 /home/ken/go/pkg/mod/gorm.io/gorm@v1.25.12/logger/logger.go:182: /home/ken/ken/go-project/service/goods/internal/data/goods_data.go:31
[2.287ms] [rows:4] SELECT * FROM `goods` WHERE id in (2,1,3,4) AND `goods`.`deleted_at` IS NULL
