1:C 19 Dec 2024 06:44:48.084 # oO0OoO0OoO0Oo Redis is starting oO0OoO0OoO0Oo
1:C 19 Dec 2024 06:44:48.084 # Redis version=7.0.15, bits=64, commit=00000000, modified=0, pid=1, just started
1:C 19 Dec 2024 06:44:48.084 # Configuration loaded
1:M 19 Dec 2024 06:44:48.086 * monotonic clock: POSIX clock_gettime
1:M 19 Dec 2024 06:44:48.089 * Running mode=standalone, port=6379.
1:M 19 Dec 2024 06:44:48.089 # Server initialized
1:M 19 Dec 2024 06:44:48.089 # WARNING Memory overcommit must be enabled! Without it, a background save or replication may fail under low memory condition. Being disabled, it can can also cause failures without low memory condition, see https://github.com/jemalloc/jemalloc/issues/1328. To fix this issue add 'vm.overcommit_memory = 1' to /etc/sysctl.conf and then reboot or run the command 'sysctl vm.overcommit_memory=1' for this to take effect.
1:M 19 Dec 2024 06:44:48.092 * Creating AOF base file appendonly6379.aof.1.base.rdb on server start
1:M 19 Dec 2024 06:44:48.093 * Creating AOF incr file appendonly6379.aof.1.incr.aof on server start
1:M 19 Dec 2024 06:44:48.093 * Ready to accept connections
1:M 19 Dec 2024 12:11:33.560 * 1 changes in 3600 seconds. Saving...
1:M 19 Dec 2024 12:11:33.569 * Background saving started by pid 20
20:C 19 Dec 2024 12:11:33.575 * DB saved on disk
20:C 19 Dec 2024 12:11:33.576 * Fork CoW for RDB: current 0 MB, peak 0 MB, average 0 MB
1:M 19 Dec 2024 12:11:33.669 * Background saving terminated with success
1:M 19 Dec 2024 13:11:34.037 * 1 changes in 3600 seconds. Saving...
1:M 19 Dec 2024 13:11:34.037 * Background saving started by pid 21
21:C 19 Dec 2024 13:11:34.053 * DB saved on disk
21:C 19 Dec 2024 13:11:34.053 * Fork CoW for RDB: current 0 MB, peak 0 MB, average 0 MB
1:M 19 Dec 2024 13:11:34.138 * Background saving terminated with success
1:signal-handler (1734862826) Received SIGTERM scheduling shutdown...
1:M 22 Dec 2024 10:20:26.249 # User requested shutdown...
1:M 22 Dec 2024 10:20:26.251 * Calling fsync() on the AOF file.
1:M 22 Dec 2024 10:20:26.251 * Saving the final RDB snapshot before exiting.
1:M 22 Dec 2024 10:20:26.259 * DB saved on disk
1:M 22 Dec 2024 10:20:26.259 * Removing the pid file.
1:M 22 Dec 2024 10:20:26.268 # Redis is now ready to exit, bye bye...
1:C 22 Dec 2024 10:22:43.476 # oO0OoO0OoO0Oo Redis is starting oO0OoO0OoO0Oo
1:C 22 Dec 2024 10:22:43.477 # Redis version=7.0.15, bits=64, commit=00000000, modified=0, pid=1, just started
1:C 22 Dec 2024 10:22:43.477 # Configuration loaded
1:M 22 Dec 2024 10:22:43.478 * monotonic clock: POSIX clock_gettime
1:M 22 Dec 2024 10:22:43.482 * Running mode=standalone, port=6379.
1:M 22 Dec 2024 10:22:43.482 # Server initialized
1:M 22 Dec 2024 10:22:43.482 # WARNING Memory overcommit must be enabled! Without it, a background save or replication may fail under low memory condition. Being disabled, it can can also cause failures without low memory condition, see https://github.com/jemalloc/jemalloc/issues/1328. To fix this issue add 'vm.overcommit_memory = 1' to /etc/sysctl.conf and then reboot or run the command 'sysctl vm.overcommit_memory=1' for this to take effect.
1:M 22 Dec 2024 10:22:43.485 * Reading RDB base file on AOF loading...
1:M 22 Dec 2024 10:22:43.485 * Loading RDB produced by version 7.0.15
1:M 22 Dec 2024 10:22:43.485 * RDB age 272275 seconds
1:M 22 Dec 2024 10:22:43.485 * RDB memory usage when created 0.82 Mb
1:M 22 Dec 2024 10:22:43.485 * RDB is base AOF
1:M 22 Dec 2024 10:22:43.485 * Done loading RDB, keys loaded: 0, keys expired: 0.
1:M 22 Dec 2024 10:22:43.485 * DB loaded from base file appendonly6379.aof.1.base.rdb: 0.001 seconds
1:M 22 Dec 2024 10:22:43.486 * DB loaded from incr file appendonly6379.aof.1.incr.aof: 0.000 seconds
1:M 22 Dec 2024 10:22:43.486 * DB loaded from append only file: 0.001 seconds
1:M 22 Dec 2024 10:22:43.486 * Opening AOF incr file appendonly6379.aof.1.incr.aof on server start
1:M 22 Dec 2024 10:22:43.486 * Ready to accept connections
1:signal-handler (1734865360) Received SIGTERM scheduling shutdown...
1:M 22 Dec 2024 11:02:40.647 # User requested shutdown...
1:M 22 Dec 2024 11:02:40.647 * Calling fsync() on the AOF file.
1:M 22 Dec 2024 11:02:40.647 * Saving the final RDB snapshot before exiting.
1:M 22 Dec 2024 11:02:40.651 * DB saved on disk
1:M 22 Dec 2024 11:02:40.651 * Removing the pid file.
1:M 22 Dec 2024 11:02:40.651 # Redis is now ready to exit, bye bye...
