1:C 23 Dec 2024 05:01:43.534 # oO0OoO0OoO0Oo Redis is starting oO0OoO0OoO0Oo
1:C 23 Dec 2024 05:01:43.534 # Redis version=7.0.15, bits=64, commit=00000000, modified=0, pid=1, just started
1:C 23 Dec 2024 05:01:43.534 # Configuration loaded
1:M 23 Dec 2024 05:01:43.535 * monotonic clock: POSIX clock_gettime
1:M 23 Dec 2024 05:01:43.535 * No cluster configuration found, I'm 10b0d4b41f031642fb284717d88d736acf87cfe0
                _._                                                  
           _.-``__ ''-._                                             
      _.-``    `.  `_.  ''-._           Redis 7.0.15 (00000000/0) 64 bit
  .-`` .-```.  ```\/    _.,_ ''-._                                  
 (    '      ,       .-`  | `,    )     Running in cluster mode
 |`-._`-...-` __...-.``-._|'` _.-'|     Port: 6379
 |    `-._   `._    /     _.-'    |     PID: 1
  `-._    `-._  `-./  _.-'    _.-'                                   
 |`-._`-._    `-.__.-'    _.-'_.-'|                                  
 |    `-._`-._        _.-'_.-'    |           https://redis.io       
  `-._    `-._`-.__.-'_.-'    _.-'                                   
 |`-._`-._    `-.__.-'    _.-'_.-'|                                  
 |    `-._`-._        _.-'_.-'    |                                  
  `-._    `-._`-.__.-'_.-'    _.-'                                   
      `-._    `-.__.-'    _.-'                                       
          `-._        _.-'                                           
              `-.__.-'                                               

1:M 23 Dec 2024 05:01:43.537 # Server initialized
1:M 23 Dec 2024 05:01:43.537 # WARNING Memory overcommit must be enabled! Without it, a background save or replication may fail under low memory condition. Being disabled, it can can also cause failures without low memory condition, see https://github.com/jemalloc/jemalloc/issues/1328. To fix this issue add 'vm.overcommit_memory = 1' to /etc/sysctl.conf and then reboot or run the command 'sysctl vm.overcommit_memory=1' for this to take effect.
1:M 23 Dec 2024 05:01:43.539 * Creating AOF base file appendonly17720.aof.1.base.rdb on server start
1:M 23 Dec 2024 05:01:43.542 * Creating AOF incr file appendonly17720.aof.1.incr.aof on server start
1:M 23 Dec 2024 05:01:43.542 * Ready to accept connections
1:M 23 Dec 2024 05:02:19.308 # configEpoch set to 6 via CLUSTER SET-CONFIG-EPOCH
1:C 23 Dec 2024 05:04:33.898 # oO0OoO0OoO0Oo Redis is starting oO0OoO0OoO0Oo
1:C 23 Dec 2024 05:04:33.899 # Redis version=7.0.15, bits=64, commit=00000000, modified=0, pid=1, just started
1:C 23 Dec 2024 05:04:33.899 # Configuration loaded
1:M 23 Dec 2024 05:04:33.899 * monotonic clock: POSIX clock_gettime
1:M 23 Dec 2024 05:04:33.900 * Node configuration loaded, I'm 10b0d4b41f031642fb284717d88d736acf87cfe0
                _._                                                  
           _.-``__ ''-._                                             
      _.-``    `.  `_.  ''-._           Redis 7.0.15 (00000000/0) 64 bit
  .-`` .-```.  ```\/    _.,_ ''-._                                  
 (    '      ,       .-`  | `,    )     Running in cluster mode
 |`-._`-...-` __...-.``-._|'` _.-'|     Port: 6379
 |    `-._   `._    /     _.-'    |     PID: 1
  `-._    `-._  `-./  _.-'    _.-'                                   
 |`-._`-._    `-.__.-'    _.-'_.-'|                                  
 |    `-._`-._        _.-'_.-'    |           https://redis.io       
  `-._    `-._`-.__.-'_.-'    _.-'                                   
 |`-._`-._    `-.__.-'    _.-'_.-'|                                  
 |    `-._`-._        _.-'_.-'    |                                  
  `-._    `-._`-.__.-'_.-'    _.-'                                   
      `-._    `-.__.-'    _.-'                                       
          `-._        _.-'                                           
              `-.__.-'                                               

1:M 23 Dec 2024 05:04:33.901 # Server initialized
1:M 23 Dec 2024 05:04:33.901 # WARNING Memory overcommit must be enabled! Without it, a background save or replication may fail under low memory condition. Being disabled, it can can also cause failures without low memory condition, see https://github.com/jemalloc/jemalloc/issues/1328. To fix this issue add 'vm.overcommit_memory = 1' to /etc/sysctl.conf and then reboot or run the command 'sysctl vm.overcommit_memory=1' for this to take effect.
1:M 23 Dec 2024 05:04:33.902 * Reading RDB base file on AOF loading...
1:M 23 Dec 2024 05:04:33.902 * Loading RDB produced by version 7.0.15
1:M 23 Dec 2024 05:04:33.902 * RDB age 170 seconds
1:M 23 Dec 2024 05:04:33.902 * RDB memory usage when created 1.51 Mb
1:M 23 Dec 2024 05:04:33.902 * RDB is base AOF
1:M 23 Dec 2024 05:04:33.902 * Done loading RDB, keys loaded: 0, keys expired: 0.
1:M 23 Dec 2024 05:04:33.902 * DB loaded from base file appendonly17720.aof.1.base.rdb: 0.000 seconds
1:M 23 Dec 2024 05:04:33.902 * DB loaded from append only file: 0.000 seconds
1:M 23 Dec 2024 05:04:33.902 * Opening AOF incr file appendonly17720.aof.1.incr.aof on server start
1:M 23 Dec 2024 05:04:33.902 * Ready to accept connections
1:C 31 Dec 2024 12:43:42.345 # oO0OoO0OoO0Oo Redis is starting oO0OoO0OoO0Oo
1:C 31 Dec 2024 12:43:42.346 # Redis version=7.0.15, bits=64, commit=00000000, modified=0, pid=1, just started
1:C 31 Dec 2024 12:43:42.346 # Configuration loaded
1:M 31 Dec 2024 12:43:42.346 * monotonic clock: POSIX clock_gettime
1:M 31 Dec 2024 12:43:42.347 * Node configuration loaded, I'm 10b0d4b41f031642fb284717d88d736acf87cfe0
                _._                                                  
           _.-``__ ''-._                                             
      _.-``    `.  `_.  ''-._           Redis 7.0.15 (00000000/0) 64 bit
  .-`` .-```.  ```\/    _.,_ ''-._                                  
 (    '      ,       .-`  | `,    )     Running in cluster mode
 |`-._`-...-` __...-.``-._|'` _.-'|     Port: 6379
 |    `-._   `._    /     _.-'    |     PID: 1
  `-._    `-._  `-./  _.-'    _.-'                                   
 |`-._`-._    `-.__.-'    _.-'_.-'|                                  
 |    `-._`-._        _.-'_.-'    |           https://redis.io       
  `-._    `-._`-.__.-'_.-'    _.-'                                   
 |`-._`-._    `-.__.-'    _.-'_.-'|                                  
 |    `-._`-._        _.-'_.-'    |                                  
  `-._    `-._`-.__.-'_.-'    _.-'                                   
      `-._    `-.__.-'    _.-'                                       
          `-._        _.-'                                           
              `-.__.-'                                               

1:M 31 Dec 2024 12:43:42.348 # Server initialized
1:M 31 Dec 2024 12:43:42.348 # WARNING Memory overcommit must be enabled! Without it, a background save or replication may fail under low memory condition. Being disabled, it can can also cause failures without low memory condition, see https://github.com/jemalloc/jemalloc/issues/1328. To fix this issue add 'vm.overcommit_memory = 1' to /etc/sysctl.conf and then reboot or run the command 'sysctl vm.overcommit_memory=1' for this to take effect.
1:M 31 Dec 2024 12:43:42.350 * Reading RDB base file on AOF loading...
1:M 31 Dec 2024 12:43:42.350 * Loading RDB produced by version 7.0.15
1:M 31 Dec 2024 12:43:42.350 * RDB age 718919 seconds
1:M 31 Dec 2024 12:43:42.350 * RDB memory usage when created 1.51 Mb
1:M 31 Dec 2024 12:43:42.350 * RDB is base AOF
1:M 31 Dec 2024 12:43:42.350 * Done loading RDB, keys loaded: 0, keys expired: 0.
1:M 31 Dec 2024 12:43:42.350 * DB loaded from base file appendonly17720.aof.1.base.rdb: 0.001 seconds
1:M 31 Dec 2024 12:43:42.350 * DB loaded from append only file: 0.001 seconds
1:M 31 Dec 2024 12:43:42.350 * Opening AOF incr file appendonly17720.aof.1.incr.aof on server start
1:M 31 Dec 2024 12:43:42.350 * Ready to accept connections
1:signal-handler (1735649034) Received SIGTERM scheduling shutdown...
1:M 31 Dec 2024 12:43:54.890 # User requested shutdown...
1:M 31 Dec 2024 12:43:54.890 * Calling fsync() on the AOF file.
1:M 31 Dec 2024 12:43:54.890 * Saving the final RDB snapshot before exiting.
1:M 31 Dec 2024 12:43:54.893 * DB saved on disk
1:M 31 Dec 2024 12:43:54.893 * Removing the pid file.
1:M 31 Dec 2024 12:43:54.893 # Redis is now ready to exit, bye bye...
