2025-03-03T15:50:29.237+0800	ERROR	controller/user_cnt.go:66	微服务调用失败	{"msg": "rpc error: code = Unavailable desc = last connection error: connection error: desc = \"transport: Error while dialing: dial tcp 192.168.199.128:32767: connect: connection refused\""}
kenshop/api/user/internal/controller.(*UserHttpServer).GetUserList
	/home/ken/ken/go-project/api/user/internal/controller/user_cnt.go:66
github.com/gin-gonic/gin.(*Context).Next
	/home/ken/go/pkg/mod/github.com/gin-gonic/gin@v1.10.0/context.go:185
github.com/gin-gonic/gin.LoggerWithConfig.func1
	/home/ken/go/pkg/mod/github.com/gin-gonic/gin@v1.10.0/logger.go:249
github.com/gin-gonic/gin.(*Context).Next
	/home/ken/go/pkg/mod/github.com/gin-gonic/gin@v1.10.0/context.go:185
github.com/gin-gonic/gin.CustomRecoveryWithWriter.func1
	/home/ken/go/pkg/mod/github.com/gin-gonic/gin@v1.10.0/recovery.go:102
github.com/gin-gonic/gin.(*Context).Next
	/home/ken/go/pkg/mod/github.com/gin-gonic/gin@v1.10.0/context.go:185
github.com/gin-gonic/gin.(*Engine).handleHTTPRequest
	/home/ken/go/pkg/mod/github.com/gin-gonic/gin@v1.10.0/gin.go:633
github.com/gin-gonic/gin.(*Engine).ServeHTTP
	/home/ken/go/pkg/mod/github.com/gin-gonic/gin@v1.10.0/gin.go:589
net/http.serverHandler.ServeHTTP
	/usr/lib/go-1.22/src/net/http/server.go:3142
net/http.(*conn).serve
	/usr/lib/go-1.22/src/net/http/server.go:2044
2025-03-03T16:07:58.127+0800	ERROR	controller/user_cnt.go:66	微服务调用失败	{"msg": "rpc error: code = Unavailable desc = last connection error: connection error: desc = \"transport: Error while dialing: dial tcp 192.168.199.128:32767: connect: connection refused\""}
kenshop/api/user/internal/controller.(*UserHttpServer).GetUserList
	/home/ken/ken/go-project/api/user/internal/controller/user_cnt.go:66
github.com/gin-gonic/gin.(*Context).Next
	/home/ken/go/pkg/mod/github.com/gin-gonic/gin@v1.10.0/context.go:185
github.com/gin-gonic/gin.LoggerWithConfig.func1
	/home/ken/go/pkg/mod/github.com/gin-gonic/gin@v1.10.0/logger.go:249
github.com/gin-gonic/gin.(*Context).Next
	/home/ken/go/pkg/mod/github.com/gin-gonic/gin@v1.10.0/context.go:185
github.com/gin-gonic/gin.CustomRecoveryWithWriter.func1
	/home/ken/go/pkg/mod/github.com/gin-gonic/gin@v1.10.0/recovery.go:102
github.com/gin-gonic/gin.(*Context).Next
	/home/ken/go/pkg/mod/github.com/gin-gonic/gin@v1.10.0/context.go:185
github.com/gin-gonic/gin.(*Engine).handleHTTPRequest
	/home/ken/go/pkg/mod/github.com/gin-gonic/gin@v1.10.0/gin.go:633
github.com/gin-gonic/gin.(*Engine).ServeHTTP
	/home/ken/go/pkg/mod/github.com/gin-gonic/gin@v1.10.0/gin.go:589
net/http.serverHandler.ServeHTTP
	/usr/lib/go-1.22/src/net/http/server.go:3142
net/http.(*conn).serve
	/usr/lib/go-1.22/src/net/http/server.go:2044
2025-03-03T16:08:35.911+0800	ERROR	controller/user_cnt.go:66	微服务调用失败	{"msg": "rpc error: code = Unavailable desc = last connection error: connection error: desc = \"transport: Error while dialing: dial tcp 192.168.199.128:32767: connect: connection refused\""}
kenshop/api/user/internal/controller.(*UserHttpServer).GetUserList
	/home/ken/ken/go-project/api/user/internal/controller/user_cnt.go:66
github.com/gin-gonic/gin.(*Context).Next
	/home/ken/go/pkg/mod/github.com/gin-gonic/gin@v1.10.0/context.go:185
github.com/gin-gonic/gin.LoggerWithConfig.func1
	/home/ken/go/pkg/mod/github.com/gin-gonic/gin@v1.10.0/logger.go:249
github.com/gin-gonic/gin.(*Context).Next
	/home/ken/go/pkg/mod/github.com/gin-gonic/gin@v1.10.0/context.go:185
github.com/gin-gonic/gin.CustomRecoveryWithWriter.func1
	/home/ken/go/pkg/mod/github.com/gin-gonic/gin@v1.10.0/recovery.go:102
github.com/gin-gonic/gin.(*Context).Next
	/home/ken/go/pkg/mod/github.com/gin-gonic/gin@v1.10.0/context.go:185
github.com/gin-gonic/gin.(*Engine).handleHTTPRequest
	/home/ken/go/pkg/mod/github.com/gin-gonic/gin@v1.10.0/gin.go:633
github.com/gin-gonic/gin.(*Engine).ServeHTTP
	/home/ken/go/pkg/mod/github.com/gin-gonic/gin@v1.10.0/gin.go:589
net/http.serverHandler.ServeHTTP
	/usr/lib/go-1.22/src/net/http/server.go:3142
net/http.(*conn).serve
	/usr/lib/go-1.22/src/net/http/server.go:2044
2025-03-03T16:08:51.793+0800	ERROR	controller/user_cnt.go:66	微服务调用失败	{"msg": "rpc error: code = Unavailable desc = last connection error: connection error: desc = \"transport: Error while dialing: dial tcp 192.168.199.128:32767: connect: connection refused\""}
kenshop/api/user/internal/controller.(*UserHttpServer).GetUserList
	/home/ken/ken/go-project/api/user/internal/controller/user_cnt.go:66
github.com/gin-gonic/gin.(*Context).Next
	/home/ken/go/pkg/mod/github.com/gin-gonic/gin@v1.10.0/context.go:185
github.com/gin-gonic/gin.LoggerWithConfig.func1
	/home/ken/go/pkg/mod/github.com/gin-gonic/gin@v1.10.0/logger.go:249
github.com/gin-gonic/gin.(*Context).Next
	/home/ken/go/pkg/mod/github.com/gin-gonic/gin@v1.10.0/context.go:185
github.com/gin-gonic/gin.CustomRecoveryWithWriter.func1
	/home/ken/go/pkg/mod/github.com/gin-gonic/gin@v1.10.0/recovery.go:102
github.com/gin-gonic/gin.(*Context).Next
	/home/ken/go/pkg/mod/github.com/gin-gonic/gin@v1.10.0/context.go:185
github.com/gin-gonic/gin.(*Engine).handleHTTPRequest
	/home/ken/go/pkg/mod/github.com/gin-gonic/gin@v1.10.0/gin.go:633
github.com/gin-gonic/gin.(*Engine).ServeHTTP
	/home/ken/go/pkg/mod/github.com/gin-gonic/gin@v1.10.0/gin.go:589
net/http.serverHandler.ServeHTTP
	/usr/lib/go-1.22/src/net/http/server.go:3142
net/http.(*conn).serve
	/usr/lib/go-1.22/src/net/http/server.go:2044
2025-03-03T16:09:10.005+0800	ERROR	controller/user_cnt.go:66	微服务调用失败	{"msg": "rpc error: code = Unavailable desc = last connection error: connection error: desc = \"transport: Error while dialing: dial tcp 192.168.199.128:32767: connect: connection refused\""}
kenshop/api/user/internal/controller.(*UserHttpServer).GetUserList
	/home/ken/ken/go-project/api/user/internal/controller/user_cnt.go:66
github.com/gin-gonic/gin.(*Context).Next
	/home/ken/go/pkg/mod/github.com/gin-gonic/gin@v1.10.0/context.go:185
github.com/gin-gonic/gin.LoggerWithConfig.func1
	/home/ken/go/pkg/mod/github.com/gin-gonic/gin@v1.10.0/logger.go:249
github.com/gin-gonic/gin.(*Context).Next
	/home/ken/go/pkg/mod/github.com/gin-gonic/gin@v1.10.0/context.go:185
github.com/gin-gonic/gin.CustomRecoveryWithWriter.func1
	/home/ken/go/pkg/mod/github.com/gin-gonic/gin@v1.10.0/recovery.go:102
github.com/gin-gonic/gin.(*Context).Next
	/home/ken/go/pkg/mod/github.com/gin-gonic/gin@v1.10.0/context.go:185
github.com/gin-gonic/gin.(*Engine).handleHTTPRequest
	/home/ken/go/pkg/mod/github.com/gin-gonic/gin@v1.10.0/gin.go:633
github.com/gin-gonic/gin.(*Engine).ServeHTTP
	/home/ken/go/pkg/mod/github.com/gin-gonic/gin@v1.10.0/gin.go:589
net/http.serverHandler.ServeHTTP
	/usr/lib/go-1.22/src/net/http/server.go:3142
net/http.(*conn).serve
	/usr/lib/go-1.22/src/net/http/server.go:2044
