2025-03-05T21:02:18.621+0800	ERROR	controller/goods_cnt.go:54	微服务调用失败	{"msg": "rpc error: code = Unknown desc = this method is not implemented"}
kenshop/api/goods/internal/controller.(*GoodsHttpServer).GetGoodList
	/home/ken/ken/go-project/api/goods/internal/controller/goods_cnt.go:54
github.com/gin-gonic/gin.(*Context).Next
	/home/ken/go/pkg/mod/github.com/gin-gonic/gin@v1.10.0/context.go:185
github.com/gin-gonic/gin.CustomRecoveryWithWriter.func1
	/home/ken/go/pkg/mod/github.com/gin-gonic/gin@v1.10.0/recovery.go:102
github.com/gin-gonic/gin.(*Context).Next
	/home/ken/go/pkg/mod/github.com/gin-gonic/gin@v1.10.0/context.go:185
github.com/gin-gonic/gin.LoggerWithConfig.func1
	/home/ken/go/pkg/mod/github.com/gin-gonic/gin@v1.10.0/logger.go:249
github.com/gin-gonic/gin.(*Context).Next
	/home/ken/go/pkg/mod/github.com/gin-gonic/gin@v1.10.0/context.go:185
github.com/gin-gonic/gin.(*Engine).handleHTTPRequest
	/home/ken/go/pkg/mod/github.com/gin-gonic/gin@v1.10.0/gin.go:633
github.com/gin-gonic/gin.(*Engine).ServeHTTP
	/home/ken/go/pkg/mod/github.com/gin-gonic/gin@v1.10.0/gin.go:589
net/http.serverHandler.ServeHTTP
	/usr/lib/go-1.22/src/net/http/server.go:3142
net/http.(*conn).serve
	/usr/lib/go-1.22/src/net/http/server.go:2044
2025-03-08T20:06:29.747+0800	ERROR	controller/goods_cnt.go:117	微服务调用失败	{"msg": "rpc error: code = Unknown desc = record not found"}
kenshop/api/goods/internal/controller.(*GoodsHttpServer).GetGoodsDetail
	/home/ken/ken/go-project/api/goods/internal/controller/goods_cnt.go:117
github.com/gin-gonic/gin.(*Context).Next
	/home/ken/go/pkg/mod/github.com/gin-gonic/gin@v1.10.0/context.go:185
github.com/gin-gonic/gin.LoggerWithConfig.func1
	/home/ken/go/pkg/mod/github.com/gin-gonic/gin@v1.10.0/logger.go:249
github.com/gin-gonic/gin.(*Context).Next
	/home/ken/go/pkg/mod/github.com/gin-gonic/gin@v1.10.0/context.go:185
github.com/gin-gonic/gin.CustomRecoveryWithWriter.func1
	/home/ken/go/pkg/mod/github.com/gin-gonic/gin@v1.10.0/recovery.go:102
github.com/gin-gonic/gin.(*Context).Next
	/home/ken/go/pkg/mod/github.com/gin-gonic/gin@v1.10.0/context.go:185
github.com/gin-gonic/gin.(*Engine).handleHTTPRequest
	/home/ken/go/pkg/mod/github.com/gin-gonic/gin@v1.10.0/gin.go:633
github.com/gin-gonic/gin.(*Engine).ServeHTTP
	/home/ken/go/pkg/mod/github.com/gin-gonic/gin@v1.10.0/gin.go:589
net/http.serverHandler.ServeHTTP
	/usr/lib/go-1.22/src/net/http/server.go:3142
net/http.(*conn).serve
	/usr/lib/go-1.22/src/net/http/server.go:2044
